CRITICAL - 2024-04-25 11:11:54 --> ErrorException: Undefined variable $isi
[Method: GET, Route: /]
in APPPATH\Views\layout\v_content.php on line 3.
 1 APPPATH\Views\layout\v_content.php(3): CodeIgniter\Debug\Exceptions->errorHandler(2, 'Undefined variable $isi', 'C:\\XAMPP\\htdocs\\ci-wedding\\app\\Views\\layout\\v_content.php', 3)
 2 SYSTEMPATH\View\View.php(234): include('C:\\XAMPP\\htdocs\\ci-wedding\\app\\Views\\layout\\v_content.php')
 3 SYSTEMPATH\View\View.php(237): CodeIgniter\View\View->CodeIgniter\View\{closure}()
 4 SYSTEMPATH\Common.php(1171): CodeIgniter\View\View->render('layout/v_content', [], true)
 5 APPPATH\Views\layout\v_wrapper.php(4): view('layout/v_content')
 6 SYSTEMPATH\View\View.php(234): include('C:\\XAMPP\\htdocs\\ci-wedding\\app\\Views\\layout\\v_wrapper.php')
 7 SYSTEMPATH\View\View.php(237): CodeIgniter\View\View->CodeIgniter\View\{closure}()
 8 SYSTEMPATH\Common.php(1171): CodeIgniter\View\View->render('layout/v_wrapper', [], true)
 9 APPPATH\Controllers\Home.php(9): view('layout/v_wrapper')
10 SYSTEMPATH\CodeIgniter.php(933): App\Controllers\Home->index()
11 SYSTEMPATH\CodeIgniter.php(509): CodeIgniter\CodeIgniter->runController(Object(App\Controllers\Home))
12 SYSTEMPATH\CodeIgniter.php(355): CodeIgniter\CodeIgniter->handleRequest(null, Object(Config\Cache), false)
13 SYSTEMPATH\Boot.php(312): CodeIgniter\CodeIgniter->run()
14 SYSTEMPATH\Boot.php(67): CodeIgniter\Boot::runCodeIgniter(Object(CodeIgniter\CodeIgniter))
15 FCPATH\index.php(56): CodeIgniter\Boot::bootWeb(Object(Config\Paths))
16 SYSTEMPATH\Commands\Server\rewrite.php(49): require_once('C:\\XAMPP\\htdocs\\ci-wedding\\public\\index.php')
CRITICAL - 2024-04-25 11:16:24 --> ErrorException: Undefined variable $isi
[Method: GET, Route: /]
in APPPATH\Views\layout\v_content.php on line 3.
 1 APPPATH\Views\layout\v_content.php(3): CodeIgniter\Debug\Exceptions->errorHandler(2, 'Undefined variable $isi', 'C:\\XAMPP\\htdocs\\ci-wedding\\app\\Views\\layout\\v_content.php', 3)
 2 SYSTEMPATH\View\View.php(234): include('C:\\XAMPP\\htdocs\\ci-wedding\\app\\Views\\layout\\v_content.php')
 3 SYSTEMPATH\View\View.php(237): CodeIgniter\View\View->CodeIgniter\View\{closure}()
 4 SYSTEMPATH\Common.php(1171): CodeIgniter\View\View->render('layout/v_content', [], true)
 5 APPPATH\Views\layout\v_wrapper.php(4): view('layout/v_content')
 6 SYSTEMPATH\View\View.php(234): include('C:\\XAMPP\\htdocs\\ci-wedding\\app\\Views\\layout\\v_wrapper.php')
 7 SYSTEMPATH\View\View.php(237): CodeIgniter\View\View->CodeIgniter\View\{closure}()
 8 SYSTEMPATH\Common.php(1171): CodeIgniter\View\View->render('layout/v_wrapper', [], true)
 9 APPPATH\Controllers\Home.php(9): view('layout/v_wrapper')
10 SYSTEMPATH\CodeIgniter.php(933): App\Controllers\Home->index()
11 SYSTEMPATH\CodeIgniter.php(509): CodeIgniter\CodeIgniter->runController(Object(App\Controllers\Home))
12 SYSTEMPATH\CodeIgniter.php(355): CodeIgniter\CodeIgniter->handleRequest(null, Object(Config\Cache), false)
13 SYSTEMPATH\Boot.php(312): CodeIgniter\CodeIgniter->run()
14 SYSTEMPATH\Boot.php(67): CodeIgniter\Boot::runCodeIgniter(Object(CodeIgniter\CodeIgniter))
15 FCPATH\index.php(56): CodeIgniter\Boot::bootWeb(Object(Config\Paths))
CRITICAL - 2024-04-25 11:18:34 --> ErrorException: Undefined variable $isi
[Method: GET, Route: /]
in APPPATH\Views\layout\v_content.php on line 3.
 1 APPPATH\Views\layout\v_content.php(3): CodeIgniter\Debug\Exceptions->errorHandler(2, 'Undefined variable $isi', 'C:\\XAMPP\\htdocs\\ci-wedding\\app\\Views\\layout\\v_content.php', 3)
 2 SYSTEMPATH\View\View.php(234): include('C:\\XAMPP\\htdocs\\ci-wedding\\app\\Views\\layout\\v_content.php')
 3 SYSTEMPATH\View\View.php(237): CodeIgniter\View\View->CodeIgniter\View\{closure}()
 4 SYSTEMPATH\Common.php(1171): CodeIgniter\View\View->render('layout/v_content', [], true)
 5 APPPATH\Views\layout\v_wrapper.php(4): view('layout/v_content')
 6 SYSTEMPATH\View\View.php(234): include('C:\\XAMPP\\htdocs\\ci-wedding\\app\\Views\\layout\\v_wrapper.php')
 7 SYSTEMPATH\View\View.php(237): CodeIgniter\View\View->CodeIgniter\View\{closure}()
 8 SYSTEMPATH\Common.php(1171): CodeIgniter\View\View->render('layout/v_wrapper', [], true)
 9 APPPATH\Controllers\Home.php(9): view('layout/v_wrapper')
10 SYSTEMPATH\CodeIgniter.php(933): App\Controllers\Home->index()
11 SYSTEMPATH\CodeIgniter.php(509): CodeIgniter\CodeIgniter->runController(Object(App\Controllers\Home))
12 SYSTEMPATH\CodeIgniter.php(355): CodeIgniter\CodeIgniter->handleRequest(null, Object(Config\Cache), false)
13 SYSTEMPATH\Boot.php(312): CodeIgniter\CodeIgniter->run()
14 SYSTEMPATH\Boot.php(67): CodeIgniter\Boot::runCodeIgniter(Object(CodeIgniter\CodeIgniter))
15 FCPATH\index.php(56): CodeIgniter\Boot::bootWeb(Object(Config\Paths))
CRITICAL - 2024-04-25 11:19:13 --> ErrorException: Undefined variable $isi
[Method: GET, Route: /]
in APPPATH\Views\layout\v_content.php on line 3.
 1 APPPATH\Views\layout\v_content.php(3): CodeIgniter\Debug\Exceptions->errorHandler(2, 'Undefined variable $isi', 'C:\\XAMPP\\htdocs\\ci-wedding\\app\\Views\\layout\\v_content.php', 3)
 2 SYSTEMPATH\View\View.php(234): include('C:\\XAMPP\\htdocs\\ci-wedding\\app\\Views\\layout\\v_content.php')
 3 SYSTEMPATH\View\View.php(237): CodeIgniter\View\View->CodeIgniter\View\{closure}()
 4 SYSTEMPATH\Common.php(1171): CodeIgniter\View\View->render('layout/v_content', [], true)
 5 APPPATH\Views\layout\v_wrapper.php(4): view('layout/v_content')
 6 SYSTEMPATH\View\View.php(234): include('C:\\XAMPP\\htdocs\\ci-wedding\\app\\Views\\layout\\v_wrapper.php')
 7 SYSTEMPATH\View\View.php(237): CodeIgniter\View\View->CodeIgniter\View\{closure}()
 8 SYSTEMPATH\Common.php(1171): CodeIgniter\View\View->render('layout/v_wrapper', [], true)
 9 APPPATH\Controllers\Home.php(9): view('layout/v_wrapper')
10 SYSTEMPATH\CodeIgniter.php(933): App\Controllers\Home->index()
11 SYSTEMPATH\CodeIgniter.php(509): CodeIgniter\CodeIgniter->runController(Object(App\Controllers\Home))
12 SYSTEMPATH\CodeIgniter.php(355): CodeIgniter\CodeIgniter->handleRequest(null, Object(Config\Cache), false)
13 SYSTEMPATH\Boot.php(312): CodeIgniter\CodeIgniter->run()
14 SYSTEMPATH\Boot.php(67): CodeIgniter\Boot::runCodeIgniter(Object(CodeIgniter\CodeIgniter))
15 FCPATH\index.php(56): CodeIgniter\Boot::bootWeb(Object(Config\Paths))
16 SYSTEMPATH\Commands\Server\rewrite.php(49): require_once('C:\\XAMPP\\htdocs\\ci-wedding\\public\\index.php')
CRITICAL - 2024-04-25 11:19:14 --> ErrorException: Undefined variable $isi
[Method: GET, Route: /]
in APPPATH\Views\layout\v_content.php on line 3.
 1 APPPATH\Views\layout\v_content.php(3): CodeIgniter\Debug\Exceptions->errorHandler(2, 'Undefined variable $isi', 'C:\\XAMPP\\htdocs\\ci-wedding\\app\\Views\\layout\\v_content.php', 3)
 2 SYSTEMPATH\View\View.php(234): include('C:\\XAMPP\\htdocs\\ci-wedding\\app\\Views\\layout\\v_content.php')
 3 SYSTEMPATH\View\View.php(237): CodeIgniter\View\View->CodeIgniter\View\{closure}()
 4 SYSTEMPATH\Common.php(1171): CodeIgniter\View\View->render('layout/v_content', [], true)
 5 APPPATH\Views\layout\v_wrapper.php(4): view('layout/v_content')
 6 SYSTEMPATH\View\View.php(234): include('C:\\XAMPP\\htdocs\\ci-wedding\\app\\Views\\layout\\v_wrapper.php')
 7 SYSTEMPATH\View\View.php(237): CodeIgniter\View\View->CodeIgniter\View\{closure}()
 8 SYSTEMPATH\Common.php(1171): CodeIgniter\View\View->render('layout/v_wrapper', [], true)
 9 APPPATH\Controllers\Home.php(9): view('layout/v_wrapper')
10 SYSTEMPATH\CodeIgniter.php(933): App\Controllers\Home->index()
11 SYSTEMPATH\CodeIgniter.php(509): CodeIgniter\CodeIgniter->runController(Object(App\Controllers\Home))
12 SYSTEMPATH\CodeIgniter.php(355): CodeIgniter\CodeIgniter->handleRequest(null, Object(Config\Cache), false)
13 SYSTEMPATH\Boot.php(312): CodeIgniter\CodeIgniter->run()
14 SYSTEMPATH\Boot.php(67): CodeIgniter\Boot::runCodeIgniter(Object(CodeIgniter\CodeIgniter))
15 FCPATH\index.php(56): CodeIgniter\Boot::bootWeb(Object(Config\Paths))
16 SYSTEMPATH\Commands\Server\rewrite.php(49): require_once('C:\\XAMPP\\htdocs\\ci-wedding\\public\\index.php')
CRITICAL - 2024-04-25 11:20:31 --> ErrorException: Undefined variable $isi
[Method: GET, Route: /]
in APPPATH\Views\layout\v_content.php on line 3.
 1 APPPATH\Views\layout\v_content.php(3): CodeIgniter\Debug\Exceptions->errorHandler(2, 'Undefined variable $isi', 'C:\\XAMPP\\htdocs\\ci-wedding\\app\\Views\\layout\\v_content.php', 3)
 2 SYSTEMPATH\View\View.php(234): include('C:\\XAMPP\\htdocs\\ci-wedding\\app\\Views\\layout\\v_content.php')
 3 SYSTEMPATH\View\View.php(237): CodeIgniter\View\View->CodeIgniter\View\{closure}()
 4 SYSTEMPATH\Common.php(1171): CodeIgniter\View\View->render('layout/v_content', [], true)
 5 APPPATH\Views\layout\v_wrapper.php(4): view('layout/v_content')
 6 SYSTEMPATH\View\View.php(234): include('C:\\XAMPP\\htdocs\\ci-wedding\\app\\Views\\layout\\v_wrapper.php')
 7 SYSTEMPATH\View\View.php(237): CodeIgniter\View\View->CodeIgniter\View\{closure}()
 8 SYSTEMPATH\Common.php(1171): CodeIgniter\View\View->render('layout/v_wrapper', [], true)
 9 APPPATH\Controllers\Home.php(9): view('layout/v_wrapper')
10 SYSTEMPATH\CodeIgniter.php(933): App\Controllers\Home->index()
11 SYSTEMPATH\CodeIgniter.php(509): CodeIgniter\CodeIgniter->runController(Object(App\Controllers\Home))
12 SYSTEMPATH\CodeIgniter.php(355): CodeIgniter\CodeIgniter->handleRequest(null, Object(Config\Cache), false)
13 SYSTEMPATH\Boot.php(312): CodeIgniter\CodeIgniter->run()
14 SYSTEMPATH\Boot.php(67): CodeIgniter\Boot::runCodeIgniter(Object(CodeIgniter\CodeIgniter))
15 FCPATH\index.php(56): CodeIgniter\Boot::bootWeb(Object(Config\Paths))
16 SYSTEMPATH\Commands\Server\rewrite.php(49): require_once('C:\\XAMPP\\htdocs\\ci-wedding\\public\\index.php')
CRITICAL - 2024-04-25 11:20:32 --> ErrorException: Undefined variable $isi
[Method: GET, Route: /]
in APPPATH\Views\layout\v_content.php on line 3.
 1 APPPATH\Views\layout\v_content.php(3): CodeIgniter\Debug\Exceptions->errorHandler(2, 'Undefined variable $isi', 'C:\\XAMPP\\htdocs\\ci-wedding\\app\\Views\\layout\\v_content.php', 3)
 2 SYSTEMPATH\View\View.php(234): include('C:\\XAMPP\\htdocs\\ci-wedding\\app\\Views\\layout\\v_content.php')
 3 SYSTEMPATH\View\View.php(237): CodeIgniter\View\View->CodeIgniter\View\{closure}()
 4 SYSTEMPATH\Common.php(1171): CodeIgniter\View\View->render('layout/v_content', [], true)
 5 APPPATH\Views\layout\v_wrapper.php(4): view('layout/v_content')
 6 SYSTEMPATH\View\View.php(234): include('C:\\XAMPP\\htdocs\\ci-wedding\\app\\Views\\layout\\v_wrapper.php')
 7 SYSTEMPATH\View\View.php(237): CodeIgniter\View\View->CodeIgniter\View\{closure}()
 8 SYSTEMPATH\Common.php(1171): CodeIgniter\View\View->render('layout/v_wrapper', [], true)
 9 APPPATH\Controllers\Home.php(9): view('layout/v_wrapper')
10 SYSTEMPATH\CodeIgniter.php(933): App\Controllers\Home->index()
11 SYSTEMPATH\CodeIgniter.php(509): CodeIgniter\CodeIgniter->runController(Object(App\Controllers\Home))
12 SYSTEMPATH\CodeIgniter.php(355): CodeIgniter\CodeIgniter->handleRequest(null, Object(Config\Cache), false)
13 SYSTEMPATH\Boot.php(312): CodeIgniter\CodeIgniter->run()
14 SYSTEMPATH\Boot.php(67): CodeIgniter\Boot::runCodeIgniter(Object(CodeIgniter\CodeIgniter))
15 FCPATH\index.php(56): CodeIgniter\Boot::bootWeb(Object(Config\Paths))
16 SYSTEMPATH\Commands\Server\rewrite.php(49): require_once('C:\\XAMPP\\htdocs\\ci-wedding\\public\\index.php')
CRITICAL - 2024-04-25 11:21:27 --> ErrorException: Undefined variable $isi
[Method: GET, Route: /]
in APPPATH\Views\layout\v_content.php on line 3.
 1 APPPATH\Views\layout\v_content.php(3): CodeIgniter\Debug\Exceptions->errorHandler(2, 'Undefined variable $isi', 'C:\\XAMPP\\htdocs\\ci-wedding\\app\\Views\\layout\\v_content.php', 3)
 2 SYSTEMPATH\View\View.php(234): include('C:\\XAMPP\\htdocs\\ci-wedding\\app\\Views\\layout\\v_content.php')
 3 SYSTEMPATH\View\View.php(237): CodeIgniter\View\View->CodeIgniter\View\{closure}()
 4 SYSTEMPATH\Common.php(1171): CodeIgniter\View\View->render('layout/v_content', [], true)
 5 APPPATH\Views\layout\v_wrapper.php(4): view('layout/v_content')
 6 SYSTEMPATH\View\View.php(234): include('C:\\XAMPP\\htdocs\\ci-wedding\\app\\Views\\layout\\v_wrapper.php')
 7 SYSTEMPATH\View\View.php(237): CodeIgniter\View\View->CodeIgniter\View\{closure}()
 8 SYSTEMPATH\Common.php(1171): CodeIgniter\View\View->render('layout/v_wrapper', [], true)
 9 APPPATH\Controllers\Home.php(9): view('layout/v_wrapper')
10 SYSTEMPATH\CodeIgniter.php(933): App\Controllers\Home->index()
11 SYSTEMPATH\CodeIgniter.php(509): CodeIgniter\CodeIgniter->runController(Object(App\Controllers\Home))
12 SYSTEMPATH\CodeIgniter.php(355): CodeIgniter\CodeIgniter->handleRequest(null, Object(Config\Cache), false)
13 SYSTEMPATH\Boot.php(312): CodeIgniter\CodeIgniter->run()
14 SYSTEMPATH\Boot.php(67): CodeIgniter\Boot::runCodeIgniter(Object(CodeIgniter\CodeIgniter))
15 FCPATH\index.php(56): CodeIgniter\Boot::bootWeb(Object(Config\Paths))
16 SYSTEMPATH\Commands\Server\rewrite.php(49): require_once('C:\\XAMPP\\htdocs\\ci-wedding\\public\\index.php')
CRITICAL - 2024-04-25 11:21:28 --> ErrorException: Undefined variable $isi
[Method: GET, Route: /]
in APPPATH\Views\layout\v_content.php on line 3.
 1 APPPATH\Views\layout\v_content.php(3): CodeIgniter\Debug\Exceptions->errorHandler(2, 'Undefined variable $isi', 'C:\\XAMPP\\htdocs\\ci-wedding\\app\\Views\\layout\\v_content.php', 3)
 2 SYSTEMPATH\View\View.php(234): include('C:\\XAMPP\\htdocs\\ci-wedding\\app\\Views\\layout\\v_content.php')
 3 SYSTEMPATH\View\View.php(237): CodeIgniter\View\View->CodeIgniter\View\{closure}()
 4 SYSTEMPATH\Common.php(1171): CodeIgniter\View\View->render('layout/v_content', [], true)
 5 APPPATH\Views\layout\v_wrapper.php(4): view('layout/v_content')
 6 SYSTEMPATH\View\View.php(234): include('C:\\XAMPP\\htdocs\\ci-wedding\\app\\Views\\layout\\v_wrapper.php')
 7 SYSTEMPATH\View\View.php(237): CodeIgniter\View\View->CodeIgniter\View\{closure}()
 8 SYSTEMPATH\Common.php(1171): CodeIgniter\View\View->render('layout/v_wrapper', [], true)
 9 APPPATH\Controllers\Home.php(9): view('layout/v_wrapper')
10 SYSTEMPATH\CodeIgniter.php(933): App\Controllers\Home->index()
11 SYSTEMPATH\CodeIgniter.php(509): CodeIgniter\CodeIgniter->runController(Object(App\Controllers\Home))
12 SYSTEMPATH\CodeIgniter.php(355): CodeIgniter\CodeIgniter->handleRequest(null, Object(Config\Cache), false)
13 SYSTEMPATH\Boot.php(312): CodeIgniter\CodeIgniter->run()
14 SYSTEMPATH\Boot.php(67): CodeIgniter\Boot::runCodeIgniter(Object(CodeIgniter\CodeIgniter))
15 FCPATH\index.php(56): CodeIgniter\Boot::bootWeb(Object(Config\Paths))
16 SYSTEMPATH\Commands\Server\rewrite.php(49): require_once('C:\\XAMPP\\htdocs\\ci-wedding\\public\\index.php')
CRITICAL - 2024-04-25 11:21:40 --> ErrorException: Undefined variable $isi
[Method: GET, Route: /]
in APPPATH\Views\layout\v_content.php on line 3.
 1 APPPATH\Views\layout\v_content.php(3): CodeIgniter\Debug\Exceptions->errorHandler(2, 'Undefined variable $isi', 'C:\\XAMPP\\htdocs\\ci-wedding\\app\\Views\\layout\\v_content.php', 3)
 2 SYSTEMPATH\View\View.php(234): include('C:\\XAMPP\\htdocs\\ci-wedding\\app\\Views\\layout\\v_content.php')
 3 SYSTEMPATH\View\View.php(237): CodeIgniter\View\View->CodeIgniter\View\{closure}()
 4 SYSTEMPATH\Common.php(1171): CodeIgniter\View\View->render('layout/v_content', [], true)
 5 APPPATH\Views\layout\v_wrapper.php(4): view('layout/v_content')
 6 SYSTEMPATH\View\View.php(234): include('C:\\XAMPP\\htdocs\\ci-wedding\\app\\Views\\layout\\v_wrapper.php')
 7 SYSTEMPATH\View\View.php(237): CodeIgniter\View\View->CodeIgniter\View\{closure}()
 8 SYSTEMPATH\Common.php(1171): CodeIgniter\View\View->render('layout/v_wrapper', [], true)
 9 APPPATH\Controllers\Home.php(9): view('layout/v_wrapper')
10 SYSTEMPATH\CodeIgniter.php(933): App\Controllers\Home->index()
11 SYSTEMPATH\CodeIgniter.php(509): CodeIgniter\CodeIgniter->runController(Object(App\Controllers\Home))
12 SYSTEMPATH\CodeIgniter.php(355): CodeIgniter\CodeIgniter->handleRequest(null, Object(Config\Cache), false)
13 SYSTEMPATH\Boot.php(312): CodeIgniter\CodeIgniter->run()
14 SYSTEMPATH\Boot.php(67): CodeIgniter\Boot::runCodeIgniter(Object(CodeIgniter\CodeIgniter))
15 FCPATH\index.php(56): CodeIgniter\Boot::bootWeb(Object(Config\Paths))
16 SYSTEMPATH\Commands\Server\rewrite.php(49): require_once('C:\\XAMPP\\htdocs\\ci-wedding\\public\\index.php')
CRITICAL - 2024-04-25 11:21:56 --> ErrorException: Undefined variable $isi
[Method: GET, Route: /]
in APPPATH\Views\layout\v_content.php on line 3.
 1 APPPATH\Views\layout\v_content.php(3): CodeIgniter\Debug\Exceptions->errorHandler(2, 'Undefined variable $isi', 'C:\\XAMPP\\htdocs\\ci-wedding\\app\\Views\\layout\\v_content.php', 3)
 2 SYSTEMPATH\View\View.php(234): include('C:\\XAMPP\\htdocs\\ci-wedding\\app\\Views\\layout\\v_content.php')
 3 SYSTEMPATH\View\View.php(237): CodeIgniter\View\View->CodeIgniter\View\{closure}()
 4 SYSTEMPATH\Common.php(1171): CodeIgniter\View\View->render('layout/v_content', [], true)
 5 APPPATH\Views\layout\v_wrapper.php(4): view('layout/v_content')
 6 SYSTEMPATH\View\View.php(234): include('C:\\XAMPP\\htdocs\\ci-wedding\\app\\Views\\layout\\v_wrapper.php')
 7 SYSTEMPATH\View\View.php(237): CodeIgniter\View\View->CodeIgniter\View\{closure}()
 8 SYSTEMPATH\Common.php(1171): CodeIgniter\View\View->render('layout/v_wrapper', [], true)
 9 APPPATH\Controllers\Home.php(9): view('layout/v_wrapper')
10 SYSTEMPATH\CodeIgniter.php(933): App\Controllers\Home->index()
11 SYSTEMPATH\CodeIgniter.php(509): CodeIgniter\CodeIgniter->runController(Object(App\Controllers\Home))
12 SYSTEMPATH\CodeIgniter.php(355): CodeIgniter\CodeIgniter->handleRequest(null, Object(Config\Cache), false)
13 SYSTEMPATH\Boot.php(312): CodeIgniter\CodeIgniter->run()
14 SYSTEMPATH\Boot.php(67): CodeIgniter\Boot::runCodeIgniter(Object(CodeIgniter\CodeIgniter))
15 FCPATH\index.php(56): CodeIgniter\Boot::bootWeb(Object(Config\Paths))
16 SYSTEMPATH\Commands\Server\rewrite.php(49): require_once('C:\\XAMPP\\htdocs\\ci-wedding\\public\\index.php')
CRITICAL - 2024-04-25 11:21:57 --> ErrorException: Undefined variable $isi
[Method: GET, Route: /]
in APPPATH\Views\layout\v_content.php on line 3.
 1 APPPATH\Views\layout\v_content.php(3): CodeIgniter\Debug\Exceptions->errorHandler(2, 'Undefined variable $isi', 'C:\\XAMPP\\htdocs\\ci-wedding\\app\\Views\\layout\\v_content.php', 3)
 2 SYSTEMPATH\View\View.php(234): include('C:\\XAMPP\\htdocs\\ci-wedding\\app\\Views\\layout\\v_content.php')
 3 SYSTEMPATH\View\View.php(237): CodeIgniter\View\View->CodeIgniter\View\{closure}()
 4 SYSTEMPATH\Common.php(1171): CodeIgniter\View\View->render('layout/v_content', [], true)
 5 APPPATH\Views\layout\v_wrapper.php(4): view('layout/v_content')
 6 SYSTEMPATH\View\View.php(234): include('C:\\XAMPP\\htdocs\\ci-wedding\\app\\Views\\layout\\v_wrapper.php')
 7 SYSTEMPATH\View\View.php(237): CodeIgniter\View\View->CodeIgniter\View\{closure}()
 8 SYSTEMPATH\Common.php(1171): CodeIgniter\View\View->render('layout/v_wrapper', [], true)
 9 APPPATH\Controllers\Home.php(9): view('layout/v_wrapper')
10 SYSTEMPATH\CodeIgniter.php(933): App\Controllers\Home->index()
11 SYSTEMPATH\CodeIgniter.php(509): CodeIgniter\CodeIgniter->runController(Object(App\Controllers\Home))
12 SYSTEMPATH\CodeIgniter.php(355): CodeIgniter\CodeIgniter->handleRequest(null, Object(Config\Cache), false)
13 SYSTEMPATH\Boot.php(312): CodeIgniter\CodeIgniter->run()
14 SYSTEMPATH\Boot.php(67): CodeIgniter\Boot::runCodeIgniter(Object(CodeIgniter\CodeIgniter))
15 FCPATH\index.php(56): CodeIgniter\Boot::bootWeb(Object(Config\Paths))
16 SYSTEMPATH\Commands\Server\rewrite.php(49): require_once('C:\\XAMPP\\htdocs\\ci-wedding\\public\\index.php')
CRITICAL - 2024-04-25 11:21:57 --> ErrorException: Undefined variable $isi
[Method: GET, Route: /]
in APPPATH\Views\layout\v_content.php on line 3.
 1 APPPATH\Views\layout\v_content.php(3): CodeIgniter\Debug\Exceptions->errorHandler(2, 'Undefined variable $isi', 'C:\\XAMPP\\htdocs\\ci-wedding\\app\\Views\\layout\\v_content.php', 3)
 2 SYSTEMPATH\View\View.php(234): include('C:\\XAMPP\\htdocs\\ci-wedding\\app\\Views\\layout\\v_content.php')
 3 SYSTEMPATH\View\View.php(237): CodeIgniter\View\View->CodeIgniter\View\{closure}()
 4 SYSTEMPATH\Common.php(1171): CodeIgniter\View\View->render('layout/v_content', [], true)
 5 APPPATH\Views\layout\v_wrapper.php(4): view('layout/v_content')
 6 SYSTEMPATH\View\View.php(234): include('C:\\XAMPP\\htdocs\\ci-wedding\\app\\Views\\layout\\v_wrapper.php')
 7 SYSTEMPATH\View\View.php(237): CodeIgniter\View\View->CodeIgniter\View\{closure}()
 8 SYSTEMPATH\Common.php(1171): CodeIgniter\View\View->render('layout/v_wrapper', [], true)
 9 APPPATH\Controllers\Home.php(9): view('layout/v_wrapper')
10 SYSTEMPATH\CodeIgniter.php(933): App\Controllers\Home->index()
11 SYSTEMPATH\CodeIgniter.php(509): CodeIgniter\CodeIgniter->runController(Object(App\Controllers\Home))
12 SYSTEMPATH\CodeIgniter.php(355): CodeIgniter\CodeIgniter->handleRequest(null, Object(Config\Cache), false)
13 SYSTEMPATH\Boot.php(312): CodeIgniter\CodeIgniter->run()
14 SYSTEMPATH\Boot.php(67): CodeIgniter\Boot::runCodeIgniter(Object(CodeIgniter\CodeIgniter))
15 FCPATH\index.php(56): CodeIgniter\Boot::bootWeb(Object(Config\Paths))
16 SYSTEMPATH\Commands\Server\rewrite.php(49): require_once('C:\\XAMPP\\htdocs\\ci-wedding\\public\\index.php')
CRITICAL - 2024-04-25 11:21:57 --> ErrorException: Undefined variable $isi
[Method: GET, Route: /]
in APPPATH\Views\layout\v_content.php on line 3.
 1 APPPATH\Views\layout\v_content.php(3): CodeIgniter\Debug\Exceptions->errorHandler(2, 'Undefined variable $isi', 'C:\\XAMPP\\htdocs\\ci-wedding\\app\\Views\\layout\\v_content.php', 3)
 2 SYSTEMPATH\View\View.php(234): include('C:\\XAMPP\\htdocs\\ci-wedding\\app\\Views\\layout\\v_content.php')
 3 SYSTEMPATH\View\View.php(237): CodeIgniter\View\View->CodeIgniter\View\{closure}()
 4 SYSTEMPATH\Common.php(1171): CodeIgniter\View\View->render('layout/v_content', [], true)
 5 APPPATH\Views\layout\v_wrapper.php(4): view('layout/v_content')
 6 SYSTEMPATH\View\View.php(234): include('C:\\XAMPP\\htdocs\\ci-wedding\\app\\Views\\layout\\v_wrapper.php')
 7 SYSTEMPATH\View\View.php(237): CodeIgniter\View\View->CodeIgniter\View\{closure}()
 8 SYSTEMPATH\Common.php(1171): CodeIgniter\View\View->render('layout/v_wrapper', [], true)
 9 APPPATH\Controllers\Home.php(9): view('layout/v_wrapper')
10 SYSTEMPATH\CodeIgniter.php(933): App\Controllers\Home->index()
11 SYSTEMPATH\CodeIgniter.php(509): CodeIgniter\CodeIgniter->runController(Object(App\Controllers\Home))
12 SYSTEMPATH\CodeIgniter.php(355): CodeIgniter\CodeIgniter->handleRequest(null, Object(Config\Cache), false)
13 SYSTEMPATH\Boot.php(312): CodeIgniter\CodeIgniter->run()
14 SYSTEMPATH\Boot.php(67): CodeIgniter\Boot::runCodeIgniter(Object(CodeIgniter\CodeIgniter))
15 FCPATH\index.php(56): CodeIgniter\Boot::bootWeb(Object(Config\Paths))
16 SYSTEMPATH\Commands\Server\rewrite.php(49): require_once('C:\\XAMPP\\htdocs\\ci-wedding\\public\\index.php')
CRITICAL - 2024-04-25 11:21:57 --> ErrorException: Undefined variable $isi
[Method: GET, Route: /]
in APPPATH\Views\layout\v_content.php on line 3.
 1 APPPATH\Views\layout\v_content.php(3): CodeIgniter\Debug\Exceptions->errorHandler(2, 'Undefined variable $isi', 'C:\\XAMPP\\htdocs\\ci-wedding\\app\\Views\\layout\\v_content.php', 3)
 2 SYSTEMPATH\View\View.php(234): include('C:\\XAMPP\\htdocs\\ci-wedding\\app\\Views\\layout\\v_content.php')
 3 SYSTEMPATH\View\View.php(237): CodeIgniter\View\View->CodeIgniter\View\{closure}()
 4 SYSTEMPATH\Common.php(1171): CodeIgniter\View\View->render('layout/v_content', [], true)
 5 APPPATH\Views\layout\v_wrapper.php(4): view('layout/v_content')
 6 SYSTEMPATH\View\View.php(234): include('C:\\XAMPP\\htdocs\\ci-wedding\\app\\Views\\layout\\v_wrapper.php')
 7 SYSTEMPATH\View\View.php(237): CodeIgniter\View\View->CodeIgniter\View\{closure}()
 8 SYSTEMPATH\Common.php(1171): CodeIgniter\View\View->render('layout/v_wrapper', [], true)
 9 APPPATH\Controllers\Home.php(9): view('layout/v_wrapper')
10 SYSTEMPATH\CodeIgniter.php(933): App\Controllers\Home->index()
11 SYSTEMPATH\CodeIgniter.php(509): CodeIgniter\CodeIgniter->runController(Object(App\Controllers\Home))
12 SYSTEMPATH\CodeIgniter.php(355): CodeIgniter\CodeIgniter->handleRequest(null, Object(Config\Cache), false)
13 SYSTEMPATH\Boot.php(312): CodeIgniter\CodeIgniter->run()
14 SYSTEMPATH\Boot.php(67): CodeIgniter\Boot::runCodeIgniter(Object(CodeIgniter\CodeIgniter))
15 FCPATH\index.php(56): CodeIgniter\Boot::bootWeb(Object(Config\Paths))
16 SYSTEMPATH\Commands\Server\rewrite.php(49): require_once('C:\\XAMPP\\htdocs\\ci-wedding\\public\\index.php')
CRITICAL - 2024-04-25 11:23:19 --> ErrorException: Undefined variable $isi
[Method: GET, Route: /]
in APPPATH\Views\layout\v_content.php on line 3.
 1 APPPATH\Views\layout\v_content.php(3): CodeIgniter\Debug\Exceptions->errorHandler(2, 'Undefined variable $isi', 'C:\\XAMPP\\htdocs\\ci-wedding\\app\\Views\\layout\\v_content.php', 3)
 2 SYSTEMPATH\View\View.php(234): include('C:\\XAMPP\\htdocs\\ci-wedding\\app\\Views\\layout\\v_content.php')
 3 SYSTEMPATH\View\View.php(237): CodeIgniter\View\View->CodeIgniter\View\{closure}()
 4 SYSTEMPATH\Common.php(1171): CodeIgniter\View\View->render('layout/v_content', [], true)
 5 APPPATH\Views\layout\v_wrapper.php(4): view('layout/v_content')
 6 SYSTEMPATH\View\View.php(234): include('C:\\XAMPP\\htdocs\\ci-wedding\\app\\Views\\layout\\v_wrapper.php')
 7 SYSTEMPATH\View\View.php(237): CodeIgniter\View\View->CodeIgniter\View\{closure}()
 8 SYSTEMPATH\Common.php(1171): CodeIgniter\View\View->render('layout/v_wrapper', [], true)
 9 APPPATH\Controllers\Home.php(9): view('layout/v_wrapper')
10 SYSTEMPATH\CodeIgniter.php(933): App\Controllers\Home->index()
11 SYSTEMPATH\CodeIgniter.php(509): CodeIgniter\CodeIgniter->runController(Object(App\Controllers\Home))
12 SYSTEMPATH\CodeIgniter.php(355): CodeIgniter\CodeIgniter->handleRequest(null, Object(Config\Cache), false)
13 SYSTEMPATH\Boot.php(312): CodeIgniter\CodeIgniter->run()
14 SYSTEMPATH\Boot.php(67): CodeIgniter\Boot::runCodeIgniter(Object(CodeIgniter\CodeIgniter))
15 FCPATH\index.php(56): CodeIgniter\Boot::bootWeb(Object(Config\Paths))
16 SYSTEMPATH\Commands\Server\rewrite.php(49): require_once('C:\\XAMPP\\htdocs\\ci-wedding\\public\\index.php')
CRITICAL - 2024-04-25 11:23:26 --> ErrorException: Undefined variable $isi
[Method: GET, Route: /]
in APPPATH\Views\layout\v_content.php on line 3.
 1 APPPATH\Views\layout\v_content.php(3): CodeIgniter\Debug\Exceptions->errorHandler(2, 'Undefined variable $isi', 'C:\\XAMPP\\htdocs\\ci-wedding\\app\\Views\\layout\\v_content.php', 3)
 2 SYSTEMPATH\View\View.php(234): include('C:\\XAMPP\\htdocs\\ci-wedding\\app\\Views\\layout\\v_content.php')
 3 SYSTEMPATH\View\View.php(237): CodeIgniter\View\View->CodeIgniter\View\{closure}()
 4 SYSTEMPATH\Common.php(1171): CodeIgniter\View\View->render('layout/v_content', [], true)
 5 APPPATH\Views\layout\v_wrapper.php(4): view('layout/v_content')
 6 SYSTEMPATH\View\View.php(234): include('C:\\XAMPP\\htdocs\\ci-wedding\\app\\Views\\layout\\v_wrapper.php')
 7 SYSTEMPATH\View\View.php(237): CodeIgniter\View\View->CodeIgniter\View\{closure}()
 8 SYSTEMPATH\Common.php(1171): CodeIgniter\View\View->render('layout/v_wrapper', [], true)
 9 APPPATH\Controllers\Home.php(9): view('layout/v_wrapper')
10 SYSTEMPATH\CodeIgniter.php(933): App\Controllers\Home->index()
11 SYSTEMPATH\CodeIgniter.php(509): CodeIgniter\CodeIgniter->runController(Object(App\Controllers\Home))
12 SYSTEMPATH\CodeIgniter.php(355): CodeIgniter\CodeIgniter->handleRequest(null, Object(Config\Cache), false)
13 SYSTEMPATH\Boot.php(312): CodeIgniter\CodeIgniter->run()
14 SYSTEMPATH\Boot.php(67): CodeIgniter\Boot::runCodeIgniter(Object(CodeIgniter\CodeIgniter))
15 FCPATH\index.php(56): CodeIgniter\Boot::bootWeb(Object(Config\Paths))
16 SYSTEMPATH\Commands\Server\rewrite.php(49): require_once('C:\\XAMPP\\htdocs\\ci-wedding\\public\\index.php')
CRITICAL - 2024-04-25 11:24:05 --> ErrorException: Undefined variable $isi
[Method: GET, Route: /]
in APPPATH\Views\layout\v_content.php on line 3.
 1 APPPATH\Views\layout\v_content.php(3): CodeIgniter\Debug\Exceptions->errorHandler(2, 'Undefined variable $isi', 'C:\\XAMPP\\htdocs\\ci-wedding\\app\\Views\\layout\\v_content.php', 3)
 2 SYSTEMPATH\View\View.php(234): include('C:\\XAMPP\\htdocs\\ci-wedding\\app\\Views\\layout\\v_content.php')
 3 SYSTEMPATH\View\View.php(237): CodeIgniter\View\View->CodeIgniter\View\{closure}()
 4 SYSTEMPATH\Common.php(1171): CodeIgniter\View\View->render('layout/v_content', [], true)
 5 APPPATH\Views\layout\v_wrapper.php(4): view('layout/v_content')
 6 SYSTEMPATH\View\View.php(234): include('C:\\XAMPP\\htdocs\\ci-wedding\\app\\Views\\layout\\v_wrapper.php')
 7 SYSTEMPATH\View\View.php(237): CodeIgniter\View\View->CodeIgniter\View\{closure}()
 8 SYSTEMPATH\Common.php(1171): CodeIgniter\View\View->render('layout/v_wrapper', [], true)
 9 APPPATH\Controllers\Home.php(9): view('layout/v_wrapper')
10 SYSTEMPATH\CodeIgniter.php(933): App\Controllers\Home->index()
11 SYSTEMPATH\CodeIgniter.php(509): CodeIgniter\CodeIgniter->runController(Object(App\Controllers\Home))
12 SYSTEMPATH\CodeIgniter.php(355): CodeIgniter\CodeIgniter->handleRequest(null, Object(Config\Cache), false)
13 SYSTEMPATH\Boot.php(312): CodeIgniter\CodeIgniter->run()
14 SYSTEMPATH\Boot.php(67): CodeIgniter\Boot::runCodeIgniter(Object(CodeIgniter\CodeIgniter))
15 FCPATH\index.php(56): CodeIgniter\Boot::bootWeb(Object(Config\Paths))
16 SYSTEMPATH\Commands\Server\rewrite.php(49): require_once('C:\\XAMPP\\htdocs\\ci-wedding\\public\\index.php')
CRITICAL - 2024-04-25 11:24:06 --> ErrorException: Undefined variable $isi
[Method: GET, Route: /]
in APPPATH\Views\layout\v_content.php on line 3.
 1 APPPATH\Views\layout\v_content.php(3): CodeIgniter\Debug\Exceptions->errorHandler(2, 'Undefined variable $isi', 'C:\\XAMPP\\htdocs\\ci-wedding\\app\\Views\\layout\\v_content.php', 3)
 2 SYSTEMPATH\View\View.php(234): include('C:\\XAMPP\\htdocs\\ci-wedding\\app\\Views\\layout\\v_content.php')
 3 SYSTEMPATH\View\View.php(237): CodeIgniter\View\View->CodeIgniter\View\{closure}()
 4 SYSTEMPATH\Common.php(1171): CodeIgniter\View\View->render('layout/v_content', [], true)
 5 APPPATH\Views\layout\v_wrapper.php(4): view('layout/v_content')
 6 SYSTEMPATH\View\View.php(234): include('C:\\XAMPP\\htdocs\\ci-wedding\\app\\Views\\layout\\v_wrapper.php')
 7 SYSTEMPATH\View\View.php(237): CodeIgniter\View\View->CodeIgniter\View\{closure}()
 8 SYSTEMPATH\Common.php(1171): CodeIgniter\View\View->render('layout/v_wrapper', [], true)
 9 APPPATH\Controllers\Home.php(9): view('layout/v_wrapper')
10 SYSTEMPATH\CodeIgniter.php(933): App\Controllers\Home->index()
11 SYSTEMPATH\CodeIgniter.php(509): CodeIgniter\CodeIgniter->runController(Object(App\Controllers\Home))
12 SYSTEMPATH\CodeIgniter.php(355): CodeIgniter\CodeIgniter->handleRequest(null, Object(Config\Cache), false)
13 SYSTEMPATH\Boot.php(312): CodeIgniter\CodeIgniter->run()
14 SYSTEMPATH\Boot.php(67): CodeIgniter\Boot::runCodeIgniter(Object(CodeIgniter\CodeIgniter))
15 FCPATH\index.php(56): CodeIgniter\Boot::bootWeb(Object(Config\Paths))
16 SYSTEMPATH\Commands\Server\rewrite.php(49): require_once('C:\\XAMPP\\htdocs\\ci-wedding\\public\\index.php')
CRITICAL - 2024-04-25 11:24:06 --> ErrorException: Undefined variable $isi
[Method: GET, Route: /]
in APPPATH\Views\layout\v_content.php on line 3.
 1 APPPATH\Views\layout\v_content.php(3): CodeIgniter\Debug\Exceptions->errorHandler(2, 'Undefined variable $isi', 'C:\\XAMPP\\htdocs\\ci-wedding\\app\\Views\\layout\\v_content.php', 3)
 2 SYSTEMPATH\View\View.php(234): include('C:\\XAMPP\\htdocs\\ci-wedding\\app\\Views\\layout\\v_content.php')
 3 SYSTEMPATH\View\View.php(237): CodeIgniter\View\View->CodeIgniter\View\{closure}()
 4 SYSTEMPATH\Common.php(1171): CodeIgniter\View\View->render('layout/v_content', [], true)
 5 APPPATH\Views\layout\v_wrapper.php(4): view('layout/v_content')
 6 SYSTEMPATH\View\View.php(234): include('C:\\XAMPP\\htdocs\\ci-wedding\\app\\Views\\layout\\v_wrapper.php')
 7 SYSTEMPATH\View\View.php(237): CodeIgniter\View\View->CodeIgniter\View\{closure}()
 8 SYSTEMPATH\Common.php(1171): CodeIgniter\View\View->render('layout/v_wrapper', [], true)
 9 APPPATH\Controllers\Home.php(9): view('layout/v_wrapper')
10 SYSTEMPATH\CodeIgniter.php(933): App\Controllers\Home->index()
11 SYSTEMPATH\CodeIgniter.php(509): CodeIgniter\CodeIgniter->runController(Object(App\Controllers\Home))
12 SYSTEMPATH\CodeIgniter.php(355): CodeIgniter\CodeIgniter->handleRequest(null, Object(Config\Cache), false)
13 SYSTEMPATH\Boot.php(312): CodeIgniter\CodeIgniter->run()
14 SYSTEMPATH\Boot.php(67): CodeIgniter\Boot::runCodeIgniter(Object(CodeIgniter\CodeIgniter))
15 FCPATH\index.php(56): CodeIgniter\Boot::bootWeb(Object(Config\Paths))
16 SYSTEMPATH\Commands\Server\rewrite.php(49): require_once('C:\\XAMPP\\htdocs\\ci-wedding\\public\\index.php')
CRITICAL - 2024-04-25 11:24:06 --> ErrorException: Undefined variable $isi
[Method: GET, Route: /]
in APPPATH\Views\layout\v_content.php on line 3.
 1 APPPATH\Views\layout\v_content.php(3): CodeIgniter\Debug\Exceptions->errorHandler(2, 'Undefined variable $isi', 'C:\\XAMPP\\htdocs\\ci-wedding\\app\\Views\\layout\\v_content.php', 3)
 2 SYSTEMPATH\View\View.php(234): include('C:\\XAMPP\\htdocs\\ci-wedding\\app\\Views\\layout\\v_content.php')
 3 SYSTEMPATH\View\View.php(237): CodeIgniter\View\View->CodeIgniter\View\{closure}()
 4 SYSTEMPATH\Common.php(1171): CodeIgniter\View\View->render('layout/v_content', [], true)
 5 APPPATH\Views\layout\v_wrapper.php(4): view('layout/v_content')
 6 SYSTEMPATH\View\View.php(234): include('C:\\XAMPP\\htdocs\\ci-wedding\\app\\Views\\layout\\v_wrapper.php')
 7 SYSTEMPATH\View\View.php(237): CodeIgniter\View\View->CodeIgniter\View\{closure}()
 8 SYSTEMPATH\Common.php(1171): CodeIgniter\View\View->render('layout/v_wrapper', [], true)
 9 APPPATH\Controllers\Home.php(9): view('layout/v_wrapper')
10 SYSTEMPATH\CodeIgniter.php(933): App\Controllers\Home->index()
11 SYSTEMPATH\CodeIgniter.php(509): CodeIgniter\CodeIgniter->runController(Object(App\Controllers\Home))
12 SYSTEMPATH\CodeIgniter.php(355): CodeIgniter\CodeIgniter->handleRequest(null, Object(Config\Cache), false)
13 SYSTEMPATH\Boot.php(312): CodeIgniter\CodeIgniter->run()
14 SYSTEMPATH\Boot.php(67): CodeIgniter\Boot::runCodeIgniter(Object(CodeIgniter\CodeIgniter))
15 FCPATH\index.php(56): CodeIgniter\Boot::bootWeb(Object(Config\Paths))
16 SYSTEMPATH\Commands\Server\rewrite.php(49): require_once('C:\\XAMPP\\htdocs\\ci-wedding\\public\\index.php')
CRITICAL - 2024-04-25 11:27:49 --> ErrorException: Undefined variable $isi
[Method: GET, Route: /]
in APPPATH\Views\layout\v_content.php on line 3.
 1 APPPATH\Views\layout\v_content.php(3): CodeIgniter\Debug\Exceptions->errorHandler(2, 'Undefined variable $isi', 'C:\\XAMPP\\htdocs\\ci-wedding\\app\\Views\\layout\\v_content.php', 3)
 2 SYSTEMPATH\View\View.php(234): include('C:\\XAMPP\\htdocs\\ci-wedding\\app\\Views\\layout\\v_content.php')
 3 SYSTEMPATH\View\View.php(237): CodeIgniter\View\View->CodeIgniter\View\{closure}()
 4 SYSTEMPATH\Common.php(1171): CodeIgniter\View\View->render('layout/v_content', [], true)
 5 APPPATH\Views\layout\v_wrapper.php(4): view('layout/v_content')
 6 SYSTEMPATH\View\View.php(234): include('C:\\XAMPP\\htdocs\\ci-wedding\\app\\Views\\layout\\v_wrapper.php')
 7 SYSTEMPATH\View\View.php(237): CodeIgniter\View\View->CodeIgniter\View\{closure}()
 8 SYSTEMPATH\Common.php(1171): CodeIgniter\View\View->render('layout/v_wrapper', [], true)
 9 APPPATH\Controllers\Home.php(9): view('layout/v_wrapper')
10 SYSTEMPATH\CodeIgniter.php(933): App\Controllers\Home->index()
11 SYSTEMPATH\CodeIgniter.php(509): CodeIgniter\CodeIgniter->runController(Object(App\Controllers\Home))
12 SYSTEMPATH\CodeIgniter.php(355): CodeIgniter\CodeIgniter->handleRequest(null, Object(Config\Cache), false)
13 SYSTEMPATH\Boot.php(312): CodeIgniter\CodeIgniter->run()
14 SYSTEMPATH\Boot.php(67): CodeIgniter\Boot::runCodeIgniter(Object(CodeIgniter\CodeIgniter))
15 FCPATH\index.php(56): CodeIgniter\Boot::bootWeb(Object(Config\Paths))
CRITICAL - 2024-04-25 11:29:48 --> ErrorException: Undefined variable $isi
[Method: GET, Route: /]
in APPPATH\Views\layout\v_content.php on line 3.
 1 APPPATH\Views\layout\v_content.php(3): CodeIgniter\Debug\Exceptions->errorHandler(2, 'Undefined variable $isi', 'C:\\XAMPP\\htdocs\\ci-wedding\\app\\Views\\layout\\v_content.php', 3)
 2 SYSTEMPATH\View\View.php(234): include('C:\\XAMPP\\htdocs\\ci-wedding\\app\\Views\\layout\\v_content.php')
 3 SYSTEMPATH\View\View.php(237): CodeIgniter\View\View->CodeIgniter\View\{closure}()
 4 SYSTEMPATH\Common.php(1171): CodeIgniter\View\View->render('layout/v_content', [], true)
 5 APPPATH\Views\layout\v_wrapper.php(4): view('layout/v_content')
 6 SYSTEMPATH\View\View.php(234): include('C:\\XAMPP\\htdocs\\ci-wedding\\app\\Views\\layout\\v_wrapper.php')
 7 SYSTEMPATH\View\View.php(237): CodeIgniter\View\View->CodeIgniter\View\{closure}()
 8 SYSTEMPATH\Common.php(1171): CodeIgniter\View\View->render('layout/v_wrapper', [], true)
 9 APPPATH\Controllers\Home.php(9): view('layout/v_wrapper')
10 SYSTEMPATH\CodeIgniter.php(933): App\Controllers\Home->index()
11 SYSTEMPATH\CodeIgniter.php(509): CodeIgniter\CodeIgniter->runController(Object(App\Controllers\Home))
12 SYSTEMPATH\CodeIgniter.php(355): CodeIgniter\CodeIgniter->handleRequest(null, Object(Config\Cache), false)
13 SYSTEMPATH\Boot.php(312): CodeIgniter\CodeIgniter->run()
14 SYSTEMPATH\Boot.php(67): CodeIgniter\Boot::runCodeIgniter(Object(CodeIgniter\CodeIgniter))
15 FCPATH\index.php(56): CodeIgniter\Boot::bootWeb(Object(Config\Paths))
CRITICAL - 2024-04-25 11:30:13 --> ErrorException: Undefined variable $isi
[Method: GET, Route: /]
in APPPATH\Views\layout\v_content.php on line 3.
 1 APPPATH\Views\layout\v_content.php(3): CodeIgniter\Debug\Exceptions->errorHandler(2, 'Undefined variable $isi', 'C:\\XAMPP\\htdocs\\ci-wedding\\app\\Views\\layout\\v_content.php', 3)
 2 SYSTEMPATH\View\View.php(234): include('C:\\XAMPP\\htdocs\\ci-wedding\\app\\Views\\layout\\v_content.php')
 3 SYSTEMPATH\View\View.php(237): CodeIgniter\View\View->CodeIgniter\View\{closure}()
 4 SYSTEMPATH\Common.php(1171): CodeIgniter\View\View->render('layout/v_content', [], true)
 5 APPPATH\Views\layout\v_wrapper.php(4): view('layout/v_content')
 6 SYSTEMPATH\View\View.php(234): include('C:\\XAMPP\\htdocs\\ci-wedding\\app\\Views\\layout\\v_wrapper.php')
 7 SYSTEMPATH\View\View.php(237): CodeIgniter\View\View->CodeIgniter\View\{closure}()
 8 SYSTEMPATH\Common.php(1171): CodeIgniter\View\View->render('layout/v_wrapper', [], true)
 9 APPPATH\Controllers\Home.php(9): view('layout/v_wrapper')
10 SYSTEMPATH\CodeIgniter.php(933): App\Controllers\Home->index()
11 SYSTEMPATH\CodeIgniter.php(509): CodeIgniter\CodeIgniter->runController(Object(App\Controllers\Home))
12 SYSTEMPATH\CodeIgniter.php(355): CodeIgniter\CodeIgniter->handleRequest(null, Object(Config\Cache), false)
13 SYSTEMPATH\Boot.php(312): CodeIgniter\CodeIgniter->run()
14 SYSTEMPATH\Boot.php(67): CodeIgniter\Boot::runCodeIgniter(Object(CodeIgniter\CodeIgniter))
15 FCPATH\index.php(56): CodeIgniter\Boot::bootWeb(Object(Config\Paths))
CRITICAL - 2024-04-25 11:31:11 --> ErrorException: Undefined variable $isi
[Method: GET, Route: /]
in APPPATH\Views\layout\v_content.php on line 3.
 1 APPPATH\Views\layout\v_content.php(3): CodeIgniter\Debug\Exceptions->errorHandler(2, 'Undefined variable $isi', 'C:\\XAMPP\\htdocs\\ci-wedding\\app\\Views\\layout\\v_content.php', 3)
 2 SYSTEMPATH\View\View.php(234): include('C:\\XAMPP\\htdocs\\ci-wedding\\app\\Views\\layout\\v_content.php')
 3 SYSTEMPATH\View\View.php(237): CodeIgniter\View\View->CodeIgniter\View\{closure}()
 4 SYSTEMPATH\Common.php(1171): CodeIgniter\View\View->render('layout/v_content', [], true)
 5 APPPATH\Views\layout\v_wrapper.php(4): view('layout/v_content')
 6 SYSTEMPATH\View\View.php(234): include('C:\\XAMPP\\htdocs\\ci-wedding\\app\\Views\\layout\\v_wrapper.php')
 7 SYSTEMPATH\View\View.php(237): CodeIgniter\View\View->CodeIgniter\View\{closure}()
 8 SYSTEMPATH\Common.php(1171): CodeIgniter\View\View->render('layout/v_wrapper', [], true)
 9 APPPATH\Controllers\Home.php(9): view('layout/v_wrapper')
10 SYSTEMPATH\CodeIgniter.php(933): App\Controllers\Home->index()
11 SYSTEMPATH\CodeIgniter.php(509): CodeIgniter\CodeIgniter->runController(Object(App\Controllers\Home))
12 SYSTEMPATH\CodeIgniter.php(355): CodeIgniter\CodeIgniter->handleRequest(null, Object(Config\Cache), false)
13 SYSTEMPATH\Boot.php(312): CodeIgniter\CodeIgniter->run()
14 SYSTEMPATH\Boot.php(67): CodeIgniter\Boot::runCodeIgniter(Object(CodeIgniter\CodeIgniter))
15 FCPATH\index.php(56): CodeIgniter\Boot::bootWeb(Object(Config\Paths))
CRITICAL - 2024-04-25 11:33:32 --> ErrorException: Undefined variable $isi
[Method: GET, Route: /]
in APPPATH\Views\layout\v_content.php on line 3.
 1 APPPATH\Views\layout\v_content.php(3): CodeIgniter\Debug\Exceptions->errorHandler(2, 'Undefined variable $isi', 'C:\\XAMPP\\htdocs\\ci-wedding\\app\\Views\\layout\\v_content.php', 3)
 2 SYSTEMPATH\View\View.php(234): include('C:\\XAMPP\\htdocs\\ci-wedding\\app\\Views\\layout\\v_content.php')
 3 SYSTEMPATH\View\View.php(237): CodeIgniter\View\View->CodeIgniter\View\{closure}()
 4 SYSTEMPATH\Common.php(1171): CodeIgniter\View\View->render('layout/v_content', [], true)
 5 APPPATH\Views\layout\v_wrapper.php(4): view('layout/v_content')
 6 SYSTEMPATH\View\View.php(234): include('C:\\XAMPP\\htdocs\\ci-wedding\\app\\Views\\layout\\v_wrapper.php')
 7 SYSTEMPATH\View\View.php(237): CodeIgniter\View\View->CodeIgniter\View\{closure}()
 8 SYSTEMPATH\Common.php(1171): CodeIgniter\View\View->render('layout/v_wrapper', [], true)
 9 APPPATH\Controllers\Home.php(9): view('layout/v_wrapper')
10 SYSTEMPATH\CodeIgniter.php(933): App\Controllers\Home->index()
11 SYSTEMPATH\CodeIgniter.php(509): CodeIgniter\CodeIgniter->runController(Object(App\Controllers\Home))
12 SYSTEMPATH\CodeIgniter.php(355): CodeIgniter\CodeIgniter->handleRequest(null, Object(Config\Cache), false)
13 SYSTEMPATH\Boot.php(312): CodeIgniter\CodeIgniter->run()
14 SYSTEMPATH\Boot.php(67): CodeIgniter\Boot::runCodeIgniter(Object(CodeIgniter\CodeIgniter))
15 FCPATH\index.php(56): CodeIgniter\Boot::bootWeb(Object(Config\Paths))
CRITICAL - 2024-04-25 11:36:21 --> ErrorException: Undefined variable $isi
[Method: GET, Route: /]
in APPPATH\Views\layout\v_content.php on line 3.
 1 APPPATH\Views\layout\v_content.php(3): CodeIgniter\Debug\Exceptions->errorHandler(2, 'Undefined variable $isi', 'C:\\XAMPP\\htdocs\\ci-wedding\\app\\Views\\layout\\v_content.php', 3)
 2 SYSTEMPATH\View\View.php(234): include('C:\\XAMPP\\htdocs\\ci-wedding\\app\\Views\\layout\\v_content.php')
 3 SYSTEMPATH\View\View.php(237): CodeIgniter\View\View->CodeIgniter\View\{closure}()
 4 SYSTEMPATH\Common.php(1171): CodeIgniter\View\View->render('layout/v_content', [], true)
 5 APPPATH\Views\layout\v_wrapper.php(4): view('layout/v_content')
 6 SYSTEMPATH\View\View.php(234): include('C:\\XAMPP\\htdocs\\ci-wedding\\app\\Views\\layout\\v_wrapper.php')
 7 SYSTEMPATH\View\View.php(237): CodeIgniter\View\View->CodeIgniter\View\{closure}()
 8 SYSTEMPATH\Common.php(1171): CodeIgniter\View\View->render('layout/v_wrapper', [], true)
 9 APPPATH\Controllers\Home.php(9): view('layout/v_wrapper')
10 SYSTEMPATH\CodeIgniter.php(933): App\Controllers\Home->index()
11 SYSTEMPATH\CodeIgniter.php(509): CodeIgniter\CodeIgniter->runController(Object(App\Controllers\Home))
12 SYSTEMPATH\CodeIgniter.php(355): CodeIgniter\CodeIgniter->handleRequest(null, Object(Config\Cache), false)
13 SYSTEMPATH\Boot.php(312): CodeIgniter\CodeIgniter->run()
14 SYSTEMPATH\Boot.php(67): CodeIgniter\Boot::runCodeIgniter(Object(CodeIgniter\CodeIgniter))
15 FCPATH\index.php(56): CodeIgniter\Boot::bootWeb(Object(Config\Paths))
CRITICAL - 2024-04-25 11:40:42 --> ErrorException: Undefined variable $isi
[Method: GET, Route: /]
in APPPATH\Views\layout\v_content.php on line 3.
 1 APPPATH\Views\layout\v_content.php(3): CodeIgniter\Debug\Exceptions->errorHandler(2, 'Undefined variable $isi', 'C:\\XAMPP\\htdocs\\ci-wedding\\app\\Views\\layout\\v_content.php', 3)
 2 SYSTEMPATH\View\View.php(234): include('C:\\XAMPP\\htdocs\\ci-wedding\\app\\Views\\layout\\v_content.php')
 3 SYSTEMPATH\View\View.php(237): CodeIgniter\View\View->CodeIgniter\View\{closure}()
 4 SYSTEMPATH\Common.php(1171): CodeIgniter\View\View->render('layout/v_content', [], true)
 5 APPPATH\Views\layout\v_wrapper.php(4): view('layout/v_content')
 6 SYSTEMPATH\View\View.php(234): include('C:\\XAMPP\\htdocs\\ci-wedding\\app\\Views\\layout\\v_wrapper.php')
 7 SYSTEMPATH\View\View.php(237): CodeIgniter\View\View->CodeIgniter\View\{closure}()
 8 SYSTEMPATH\Common.php(1171): CodeIgniter\View\View->render('layout/v_wrapper', [], true)
 9 APPPATH\Controllers\Home.php(9): view('layout/v_wrapper')
10 SYSTEMPATH\CodeIgniter.php(933): App\Controllers\Home->index()
11 SYSTEMPATH\CodeIgniter.php(509): CodeIgniter\CodeIgniter->runController(Object(App\Controllers\Home))
12 SYSTEMPATH\CodeIgniter.php(355): CodeIgniter\CodeIgniter->handleRequest(null, Object(Config\Cache), false)
13 SYSTEMPATH\Boot.php(312): CodeIgniter\CodeIgniter->run()
14 SYSTEMPATH\Boot.php(67): CodeIgniter\Boot::runCodeIgniter(Object(CodeIgniter\CodeIgniter))
15 FCPATH\index.php(56): CodeIgniter\Boot::bootWeb(Object(Config\Paths))
CRITICAL - 2024-04-25 12:03:56 --> ErrorException: Undefined property: CodeIgniter\View\View::$pengantin_pria
[Method: GET, Route: /]
in APPPATH\Views\v_home.php on line 47.
 1 APPPATH\Views\v_home.php(47): CodeIgniter\Debug\Exceptions->errorHandler(2, 'Undefined property: CodeIgniter\\View\\View::$pengantin_pria', 'C:\\XAMPP\\htdocs\\ci-wedding\\app\\Views\\v_home.php', 47)
 2 SYSTEMPATH\View\View.php(234): include('C:\\XAMPP\\htdocs\\ci-wedding\\app\\Views\\v_home.php')
 3 SYSTEMPATH\View\View.php(237): CodeIgniter\View\View->CodeIgniter\View\{closure}()
 4 SYSTEMPATH\Common.php(1171): CodeIgniter\View\View->render('v_home', [], true)
 5 APPPATH\Controllers\Home.php(13): view('v_home')
 6 SYSTEMPATH\CodeIgniter.php(933): App\Controllers\Home->index()
 7 SYSTEMPATH\CodeIgniter.php(509): CodeIgniter\CodeIgniter->runController(Object(App\Controllers\Home))
 8 SYSTEMPATH\CodeIgniter.php(355): CodeIgniter\CodeIgniter->handleRequest(null, Object(Config\Cache), false)
 9 SYSTEMPATH\Boot.php(312): CodeIgniter\CodeIgniter->run()
10 SYSTEMPATH\Boot.php(67): CodeIgniter\Boot::runCodeIgniter(Object(CodeIgniter\CodeIgniter))
11 FCPATH\index.php(56): CodeIgniter\Boot::bootWeb(Object(Config\Paths))
CRITICAL - 2024-04-25 12:08:41 --> ErrorException: Undefined property: CodeIgniter\View\View::$pengantin_pria
[Method: GET, Route: /]
in APPPATH\Views\v_home.php on line 47.
 1 APPPATH\Views\v_home.php(47): CodeIgniter\Debug\Exceptions->errorHandler(2, 'Undefined property: CodeIgniter\\View\\View::$pengantin_pria', 'C:\\XAMPP\\htdocs\\ci-wedding\\app\\Views\\v_home.php', 47)
 2 SYSTEMPATH\View\View.php(234): include('C:\\XAMPP\\htdocs\\ci-wedding\\app\\Views\\v_home.php')
 3 SYSTEMPATH\View\View.php(237): CodeIgniter\View\View->CodeIgniter\View\{closure}()
 4 SYSTEMPATH\Common.php(1171): CodeIgniter\View\View->render('v_home', [], true)
 5 APPPATH\Controllers\Home.php(13): view('v_home')
 6 SYSTEMPATH\CodeIgniter.php(933): App\Controllers\Home->index()
 7 SYSTEMPATH\CodeIgniter.php(509): CodeIgniter\CodeIgniter->runController(Object(App\Controllers\Home))
 8 SYSTEMPATH\CodeIgniter.php(355): CodeIgniter\CodeIgniter->handleRequest(null, Object(Config\Cache), false)
 9 SYSTEMPATH\Boot.php(312): CodeIgniter\CodeIgniter->run()
10 SYSTEMPATH\Boot.php(67): CodeIgniter\Boot::runCodeIgniter(Object(CodeIgniter\CodeIgniter))
11 FCPATH\index.php(56): CodeIgniter\Boot::bootWeb(Object(Config\Paths))
CRITICAL - 2024-04-25 12:26:30 --> ArgumentCountError: date() expects at least 1 argument, 0 given
[Method: GET, Route: /]
in APPPATH\Views\v_home.php on line 506.
 1 APPPATH\Views\v_home.php(506): date()
 2 SYSTEMPATH\View\View.php(234): include('C:\\XAMPP\\htdocs\\ci-wedding\\app\\Views\\v_home.php')
 3 SYSTEMPATH\View\View.php(237): CodeIgniter\View\View->CodeIgniter\View\{closure}()
 4 SYSTEMPATH\Common.php(1171): CodeIgniter\View\View->render('v_home', [], true)
 5 APPPATH\Controllers\Home.php(13): view('v_home')
 6 SYSTEMPATH\CodeIgniter.php(933): App\Controllers\Home->index()
 7 SYSTEMPATH\CodeIgniter.php(509): CodeIgniter\CodeIgniter->runController(Object(App\Controllers\Home))
 8 SYSTEMPATH\CodeIgniter.php(355): CodeIgniter\CodeIgniter->handleRequest(null, Object(Config\Cache), false)
 9 SYSTEMPATH\Boot.php(312): CodeIgniter\CodeIgniter->run()
10 SYSTEMPATH\Boot.php(67): CodeIgniter\Boot::runCodeIgniter(Object(CodeIgniter\CodeIgniter))
11 FCPATH\index.php(56): CodeIgniter\Boot::bootWeb(Object(Config\Paths))
CRITICAL - 2024-04-25 12:26:54 --> ArgumentCountError: date() expects at least 1 argument, 0 given
[Method: GET, Route: /]
in APPPATH\Views\v_home.php on line 506.
 1 APPPATH\Views\v_home.php(506): date()
 2 SYSTEMPATH\View\View.php(234): include('C:\\XAMPP\\htdocs\\ci-wedding\\app\\Views\\v_home.php')
 3 SYSTEMPATH\View\View.php(237): CodeIgniter\View\View->CodeIgniter\View\{closure}()
 4 SYSTEMPATH\Common.php(1171): CodeIgniter\View\View->render('v_home', [], true)
 5 APPPATH\Controllers\Home.php(13): view('v_home')
 6 SYSTEMPATH\CodeIgniter.php(933): App\Controllers\Home->index()
 7 SYSTEMPATH\CodeIgniter.php(509): CodeIgniter\CodeIgniter->runController(Object(App\Controllers\Home))
 8 SYSTEMPATH\CodeIgniter.php(355): CodeIgniter\CodeIgniter->handleRequest(null, Object(Config\Cache), false)
 9 SYSTEMPATH\Boot.php(312): CodeIgniter\CodeIgniter->run()
10 SYSTEMPATH\Boot.php(67): CodeIgniter\Boot::runCodeIgniter(Object(CodeIgniter\CodeIgniter))
11 FCPATH\index.php(56): CodeIgniter\Boot::bootWeb(Object(Config\Paths))
CRITICAL - 2024-04-25 12:27:18 --> ArgumentCountError: date() expects at least 1 argument, 0 given
[Method: GET, Route: /]
in APPPATH\Views\v_home.php on line 506.
 1 APPPATH\Views\v_home.php(506): date()
 2 SYSTEMPATH\View\View.php(234): include('C:\\XAMPP\\htdocs\\ci-wedding\\app\\Views\\v_home.php')
 3 SYSTEMPATH\View\View.php(237): CodeIgniter\View\View->CodeIgniter\View\{closure}()
 4 SYSTEMPATH\Common.php(1171): CodeIgniter\View\View->render('v_home', [], true)
 5 APPPATH\Controllers\Home.php(13): view('v_home')
 6 SYSTEMPATH\CodeIgniter.php(933): App\Controllers\Home->index()
 7 SYSTEMPATH\CodeIgniter.php(509): CodeIgniter\CodeIgniter->runController(Object(App\Controllers\Home))
 8 SYSTEMPATH\CodeIgniter.php(355): CodeIgniter\CodeIgniter->handleRequest(null, Object(Config\Cache), false)
 9 SYSTEMPATH\Boot.php(312): CodeIgniter\CodeIgniter->run()
10 SYSTEMPATH\Boot.php(67): CodeIgniter\Boot::runCodeIgniter(Object(CodeIgniter\CodeIgniter))
11 FCPATH\index.php(56): CodeIgniter\Boot::bootWeb(Object(Config\Paths))
CRITICAL - 2024-04-25 12:51:45 --> CodeIgniter\Database\Exceptions\DatabaseException: You must set the database table to be used with your query.
[Method: GET, Route: /]
in SYSTEMPATH\Database\BaseConnection.php on line 913.
 1 SYSTEMPATH\Model.php(705): CodeIgniter\Database\BaseConnection->table(null)
 2 SYSTEMPATH\Model.php(262): CodeIgniter\Model->builder()
 3 SYSTEMPATH\BaseModel.php(676): CodeIgniter\Model->doFindAll(0, 0)
 4 APPPATH\Models\T_Pengantin.php(11): CodeIgniter\BaseModel->findAll()
 5 APPPATH\Controllers\Home.php(11): App\Models\T_Pengantin->get_user()
 6 SYSTEMPATH\CodeIgniter.php(933): App\Controllers\Home->index()
 7 SYSTEMPATH\CodeIgniter.php(509): CodeIgniter\CodeIgniter->runController(Object(App\Controllers\Home))
 8 SYSTEMPATH\CodeIgniter.php(355): CodeIgniter\CodeIgniter->handleRequest(null, Object(Config\Cache), false)
 9 SYSTEMPATH\Boot.php(312): CodeIgniter\CodeIgniter->run()
10 SYSTEMPATH\Boot.php(67): CodeIgniter\Boot::runCodeIgniter(Object(CodeIgniter\CodeIgniter))
11 FCPATH\index.php(56): CodeIgniter\Boot::bootWeb(Object(Config\Paths))
CRITICAL - 2024-04-25 12:55:10 --> BadMethodCallException: Call to undefined method App\Models\T_Pengantin::show
[Method: GET, Route: /]
in SYSTEMPATH\Model.php on line 921.
 1 APPPATH\Controllers\Home.php(12): CodeIgniter\Model->__call('show', [])
 2 SYSTEMPATH\CodeIgniter.php(933): App\Controllers\Home->index()
 3 SYSTEMPATH\CodeIgniter.php(509): CodeIgniter\CodeIgniter->runController(Object(App\Controllers\Home))
 4 SYSTEMPATH\CodeIgniter.php(355): CodeIgniter\CodeIgniter->handleRequest(null, Object(Config\Cache), false)
 5 SYSTEMPATH\Boot.php(312): CodeIgniter\CodeIgniter->run()
 6 SYSTEMPATH\Boot.php(67): CodeIgniter\Boot::runCodeIgniter(Object(CodeIgniter\CodeIgniter))
 7 FCPATH\index.php(56): CodeIgniter\Boot::bootWeb(Object(Config\Paths))
CRITICAL - 2024-04-25 12:55:15 --> TypeError: view(): Argument #2 ($data) must be of type array, App\Models\T_Pengantin given, called in C:\XAMPP\htdocs\ci-wedding\app\Controllers\Home.php on line 12
[Method: GET, Route: /]
in SYSTEMPATH\Common.php on line 1159.
 1 APPPATH\Controllers\Home.php(12): view('v_home', Object(App\Models\T_Pengantin))
 2 SYSTEMPATH\CodeIgniter.php(933): App\Controllers\Home->index()
 3 SYSTEMPATH\CodeIgniter.php(509): CodeIgniter\CodeIgniter->runController(Object(App\Controllers\Home))
 4 SYSTEMPATH\CodeIgniter.php(355): CodeIgniter\CodeIgniter->handleRequest(null, Object(Config\Cache), false)
 5 SYSTEMPATH\Boot.php(312): CodeIgniter\CodeIgniter->run()
 6 SYSTEMPATH\Boot.php(67): CodeIgniter\Boot::runCodeIgniter(Object(CodeIgniter\CodeIgniter))
 7 FCPATH\index.php(56): CodeIgniter\Boot::bootWeb(Object(Config\Paths))
CRITICAL - 2024-04-25 13:01:20 --> ErrorException: Attempt to read property "nama_pengantinpria" on array
[Method: GET, Route: /]
in APPPATH\Views\v_home.php on line 142.
 1 APPPATH\Views\v_home.php(142): CodeIgniter\Debug\Exceptions->errorHandler(2, 'Attempt to read property "nama_pengantinpria" on array', 'C:\\XAMPP\\htdocs\\ci-wedding\\app\\Views\\v_home.php', 142)
 2 SYSTEMPATH\View\View.php(234): include('C:\\XAMPP\\htdocs\\ci-wedding\\app\\Views\\v_home.php')
 3 SYSTEMPATH\View\View.php(237): CodeIgniter\View\View->CodeIgniter\View\{closure}()
 4 SYSTEMPATH\Common.php(1171): CodeIgniter\View\View->render('v_home', [], true)
 5 APPPATH\Controllers\Home.php(14): view('v_home', [...])
 6 SYSTEMPATH\CodeIgniter.php(933): App\Controllers\Home->index()
 7 SYSTEMPATH\CodeIgniter.php(509): CodeIgniter\CodeIgniter->runController(Object(App\Controllers\Home))
 8 SYSTEMPATH\CodeIgniter.php(355): CodeIgniter\CodeIgniter->handleRequest(null, Object(Config\Cache), false)
 9 SYSTEMPATH\Boot.php(312): CodeIgniter\CodeIgniter->run()
10 SYSTEMPATH\Boot.php(67): CodeIgniter\Boot::runCodeIgniter(Object(CodeIgniter\CodeIgniter))
11 FCPATH\index.php(56): CodeIgniter\Boot::bootWeb(Object(Config\Paths))
CRITICAL - 2024-04-25 13:02:09 --> ErrorException: Attempt to read property "nama_pengantinpria" on array
[Method: GET, Route: /]
in APPPATH\Views\v_home.php on line 142.
 1 APPPATH\Views\v_home.php(142): CodeIgniter\Debug\Exceptions->errorHandler(2, 'Attempt to read property "nama_pengantinpria" on array', 'C:\\XAMPP\\htdocs\\ci-wedding\\app\\Views\\v_home.php', 142)
 2 SYSTEMPATH\View\View.php(234): include('C:\\XAMPP\\htdocs\\ci-wedding\\app\\Views\\v_home.php')
 3 SYSTEMPATH\View\View.php(237): CodeIgniter\View\View->CodeIgniter\View\{closure}()
 4 SYSTEMPATH\Common.php(1171): CodeIgniter\View\View->render('v_home', [], true)
 5 APPPATH\Controllers\Home.php(14): view('v_home', [...])
 6 SYSTEMPATH\CodeIgniter.php(933): App\Controllers\Home->index()
 7 SYSTEMPATH\CodeIgniter.php(509): CodeIgniter\CodeIgniter->runController(Object(App\Controllers\Home))
 8 SYSTEMPATH\CodeIgniter.php(355): CodeIgniter\CodeIgniter->handleRequest(null, Object(Config\Cache), false)
 9 SYSTEMPATH\Boot.php(312): CodeIgniter\CodeIgniter->run()
10 SYSTEMPATH\Boot.php(67): CodeIgniter\Boot::runCodeIgniter(Object(CodeIgniter\CodeIgniter))
11 FCPATH\index.php(56): CodeIgniter\Boot::bootWeb(Object(Config\Paths))
CRITICAL - 2024-04-25 13:02:55 --> ErrorException: Attempt to read property "nama_pengantinpria" on array
[Method: GET, Route: /]
in APPPATH\Views\v_home.php on line 142.
 1 APPPATH\Views\v_home.php(142): CodeIgniter\Debug\Exceptions->errorHandler(2, 'Attempt to read property "nama_pengantinpria" on array', 'C:\\XAMPP\\htdocs\\ci-wedding\\app\\Views\\v_home.php', 142)
 2 SYSTEMPATH\View\View.php(234): include('C:\\XAMPP\\htdocs\\ci-wedding\\app\\Views\\v_home.php')
 3 SYSTEMPATH\View\View.php(237): CodeIgniter\View\View->CodeIgniter\View\{closure}()
 4 SYSTEMPATH\Common.php(1171): CodeIgniter\View\View->render('v_home', [], true)
 5 APPPATH\Controllers\Home.php(14): view('v_home', [...])
 6 SYSTEMPATH\CodeIgniter.php(933): App\Controllers\Home->index()
 7 SYSTEMPATH\CodeIgniter.php(509): CodeIgniter\CodeIgniter->runController(Object(App\Controllers\Home))
 8 SYSTEMPATH\CodeIgniter.php(355): CodeIgniter\CodeIgniter->handleRequest(null, Object(Config\Cache), false)
 9 SYSTEMPATH\Boot.php(312): CodeIgniter\CodeIgniter->run()
10 SYSTEMPATH\Boot.php(67): CodeIgniter\Boot::runCodeIgniter(Object(CodeIgniter\CodeIgniter))
11 FCPATH\index.php(56): CodeIgniter\Boot::bootWeb(Object(Config\Paths))
CRITICAL - 2024-04-25 13:04:32 --> ErrorException: Undefined variable $pengantin
[Method: GET, Route: /]
in APPPATH\Views\v_home.php on line 142.
 1 APPPATH\Views\v_home.php(142): CodeIgniter\Debug\Exceptions->errorHandler(2, 'Undefined variable $pengantin', 'C:\\XAMPP\\htdocs\\ci-wedding\\app\\Views\\v_home.php', 142)
 2 SYSTEMPATH\View\View.php(234): include('C:\\XAMPP\\htdocs\\ci-wedding\\app\\Views\\v_home.php')
 3 SYSTEMPATH\View\View.php(237): CodeIgniter\View\View->CodeIgniter\View\{closure}()
 4 SYSTEMPATH\Common.php(1171): CodeIgniter\View\View->render('v_home', [], true)
 5 APPPATH\Controllers\Home.php(14): view('v_home', [...])
 6 SYSTEMPATH\CodeIgniter.php(933): App\Controllers\Home->index()
 7 SYSTEMPATH\CodeIgniter.php(509): CodeIgniter\CodeIgniter->runController(Object(App\Controllers\Home))
 8 SYSTEMPATH\CodeIgniter.php(355): CodeIgniter\CodeIgniter->handleRequest(null, Object(Config\Cache), false)
 9 SYSTEMPATH\Boot.php(312): CodeIgniter\CodeIgniter->run()
10 SYSTEMPATH\Boot.php(67): CodeIgniter\Boot::runCodeIgniter(Object(CodeIgniter\CodeIgniter))
11 FCPATH\index.php(56): CodeIgniter\Boot::bootWeb(Object(Config\Paths))
CRITICAL - 2024-04-25 13:04:45 --> ErrorException: Undefined variable $data
[Method: GET, Route: /]
in APPPATH\Views\v_home.php on line 142.
 1 APPPATH\Views\v_home.php(142): CodeIgniter\Debug\Exceptions->errorHandler(2, 'Undefined variable $data', 'C:\\XAMPP\\htdocs\\ci-wedding\\app\\Views\\v_home.php', 142)
 2 SYSTEMPATH\View\View.php(234): include('C:\\XAMPP\\htdocs\\ci-wedding\\app\\Views\\v_home.php')
 3 SYSTEMPATH\View\View.php(237): CodeIgniter\View\View->CodeIgniter\View\{closure}()
 4 SYSTEMPATH\Common.php(1171): CodeIgniter\View\View->render('v_home', [], true)
 5 APPPATH\Controllers\Home.php(14): view('v_home', [...])
 6 SYSTEMPATH\CodeIgniter.php(933): App\Controllers\Home->index()
 7 SYSTEMPATH\CodeIgniter.php(509): CodeIgniter\CodeIgniter->runController(Object(App\Controllers\Home))
 8 SYSTEMPATH\CodeIgniter.php(355): CodeIgniter\CodeIgniter->handleRequest(null, Object(Config\Cache), false)
 9 SYSTEMPATH\Boot.php(312): CodeIgniter\CodeIgniter->run()
10 SYSTEMPATH\Boot.php(67): CodeIgniter\Boot::runCodeIgniter(Object(CodeIgniter\CodeIgniter))
11 FCPATH\index.php(56): CodeIgniter\Boot::bootWeb(Object(Config\Paths))
CRITICAL - 2024-04-25 13:05:03 --> ErrorException: Undefined property: CodeIgniter\View\View::$nama_pengantinpria
[Method: GET, Route: /]
in APPPATH\Views\v_home.php on line 142.
 1 APPPATH\Views\v_home.php(142): CodeIgniter\Debug\Exceptions->errorHandler(2, 'Undefined property: CodeIgniter\\View\\View::$nama_pengantinpria', 'C:\\XAMPP\\htdocs\\ci-wedding\\app\\Views\\v_home.php', 142)
 2 SYSTEMPATH\View\View.php(234): include('C:\\XAMPP\\htdocs\\ci-wedding\\app\\Views\\v_home.php')
 3 SYSTEMPATH\View\View.php(237): CodeIgniter\View\View->CodeIgniter\View\{closure}()
 4 SYSTEMPATH\Common.php(1171): CodeIgniter\View\View->render('v_home', [], true)
 5 APPPATH\Controllers\Home.php(12): view('v_home', [...])
 6 SYSTEMPATH\CodeIgniter.php(933): App\Controllers\Home->index()
 7 SYSTEMPATH\CodeIgniter.php(509): CodeIgniter\CodeIgniter->runController(Object(App\Controllers\Home))
 8 SYSTEMPATH\CodeIgniter.php(355): CodeIgniter\CodeIgniter->handleRequest(null, Object(Config\Cache), false)
 9 SYSTEMPATH\Boot.php(312): CodeIgniter\CodeIgniter->run()
10 SYSTEMPATH\Boot.php(67): CodeIgniter\Boot::runCodeIgniter(Object(CodeIgniter\CodeIgniter))
11 FCPATH\index.php(56): CodeIgniter\Boot::bootWeb(Object(Config\Paths))
CRITICAL - 2024-04-25 13:05:19 --> ErrorException: Undefined variable $data
[Method: GET, Route: /]
in APPPATH\Views\v_home.php on line 142.
 1 APPPATH\Views\v_home.php(142): CodeIgniter\Debug\Exceptions->errorHandler(2, 'Undefined variable $data', 'C:\\XAMPP\\htdocs\\ci-wedding\\app\\Views\\v_home.php', 142)
 2 SYSTEMPATH\View\View.php(234): include('C:\\XAMPP\\htdocs\\ci-wedding\\app\\Views\\v_home.php')
 3 SYSTEMPATH\View\View.php(237): CodeIgniter\View\View->CodeIgniter\View\{closure}()
 4 SYSTEMPATH\Common.php(1171): CodeIgniter\View\View->render('v_home', [], true)
 5 APPPATH\Controllers\Home.php(12): view('v_home', [...])
 6 SYSTEMPATH\CodeIgniter.php(933): App\Controllers\Home->index()
 7 SYSTEMPATH\CodeIgniter.php(509): CodeIgniter\CodeIgniter->runController(Object(App\Controllers\Home))
 8 SYSTEMPATH\CodeIgniter.php(355): CodeIgniter\CodeIgniter->handleRequest(null, Object(Config\Cache), false)
 9 SYSTEMPATH\Boot.php(312): CodeIgniter\CodeIgniter->run()
10 SYSTEMPATH\Boot.php(67): CodeIgniter\Boot::runCodeIgniter(Object(CodeIgniter\CodeIgniter))
11 FCPATH\index.php(56): CodeIgniter\Boot::bootWeb(Object(Config\Paths))
CRITICAL - 2024-04-25 13:05:47 --> ErrorException: Undefined variable $model
[Method: GET, Route: /]
in APPPATH\Views\v_home.php on line 142.
 1 APPPATH\Views\v_home.php(142): CodeIgniter\Debug\Exceptions->errorHandler(2, 'Undefined variable $model', 'C:\\XAMPP\\htdocs\\ci-wedding\\app\\Views\\v_home.php', 142)
 2 SYSTEMPATH\View\View.php(234): include('C:\\XAMPP\\htdocs\\ci-wedding\\app\\Views\\v_home.php')
 3 SYSTEMPATH\View\View.php(237): CodeIgniter\View\View->CodeIgniter\View\{closure}()
 4 SYSTEMPATH\Common.php(1171): CodeIgniter\View\View->render('v_home', [], true)
 5 APPPATH\Controllers\Home.php(14): view('v_home', [...])
 6 SYSTEMPATH\CodeIgniter.php(933): App\Controllers\Home->index()
 7 SYSTEMPATH\CodeIgniter.php(509): CodeIgniter\CodeIgniter->runController(Object(App\Controllers\Home))
 8 SYSTEMPATH\CodeIgniter.php(355): CodeIgniter\CodeIgniter->handleRequest(null, Object(Config\Cache), false)
 9 SYSTEMPATH\Boot.php(312): CodeIgniter\CodeIgniter->run()
10 SYSTEMPATH\Boot.php(67): CodeIgniter\Boot::runCodeIgniter(Object(CodeIgniter\CodeIgniter))
11 FCPATH\index.php(56): CodeIgniter\Boot::bootWeb(Object(Config\Paths))
CRITICAL - 2024-04-25 13:07:59 --> ErrorException: Attempt to read property "nama_pengantinpria" on array
[Method: GET, Route: /]
in APPPATH\Views\v_home.php on line 142.
 1 APPPATH\Views\v_home.php(142): CodeIgniter\Debug\Exceptions->errorHandler(2, 'Attempt to read property "nama_pengantinpria" on array', 'C:\\XAMPP\\htdocs\\ci-wedding\\app\\Views\\v_home.php', 142)
 2 SYSTEMPATH\View\View.php(234): include('C:\\XAMPP\\htdocs\\ci-wedding\\app\\Views\\v_home.php')
 3 SYSTEMPATH\View\View.php(237): CodeIgniter\View\View->CodeIgniter\View\{closure}()
 4 SYSTEMPATH\Common.php(1171): CodeIgniter\View\View->render('v_home', [], true)
 5 APPPATH\Controllers\Home.php(14): view('v_home', [...])
 6 SYSTEMPATH\CodeIgniter.php(933): App\Controllers\Home->index()
 7 SYSTEMPATH\CodeIgniter.php(509): CodeIgniter\CodeIgniter->runController(Object(App\Controllers\Home))
 8 SYSTEMPATH\CodeIgniter.php(355): CodeIgniter\CodeIgniter->handleRequest(null, Object(Config\Cache), false)
 9 SYSTEMPATH\Boot.php(312): CodeIgniter\CodeIgniter->run()
10 SYSTEMPATH\Boot.php(67): CodeIgniter\Boot::runCodeIgniter(Object(CodeIgniter\CodeIgniter))
11 FCPATH\index.php(56): CodeIgniter\Boot::bootWeb(Object(Config\Paths))
CRITICAL - 2024-04-25 13:08:42 --> ErrorException: Attempt to read property "nama_pengantinpria" on array
[Method: GET, Route: /]
in APPPATH\Views\v_home.php on line 142.
 1 APPPATH\Views\v_home.php(142): CodeIgniter\Debug\Exceptions->errorHandler(2, 'Attempt to read property "nama_pengantinpria" on array', 'C:\\XAMPP\\htdocs\\ci-wedding\\app\\Views\\v_home.php', 142)
 2 SYSTEMPATH\View\View.php(234): include('C:\\XAMPP\\htdocs\\ci-wedding\\app\\Views\\v_home.php')
 3 SYSTEMPATH\View\View.php(237): CodeIgniter\View\View->CodeIgniter\View\{closure}()
 4 SYSTEMPATH\Common.php(1171): CodeIgniter\View\View->render('v_home', [], true)
 5 APPPATH\Controllers\Home.php(17): view('v_home', [...])
 6 SYSTEMPATH\CodeIgniter.php(933): App\Controllers\Home->index()
 7 SYSTEMPATH\CodeIgniter.php(509): CodeIgniter\CodeIgniter->runController(Object(App\Controllers\Home))
 8 SYSTEMPATH\CodeIgniter.php(355): CodeIgniter\CodeIgniter->handleRequest(null, Object(Config\Cache), false)
 9 SYSTEMPATH\Boot.php(312): CodeIgniter\CodeIgniter->run()
10 SYSTEMPATH\Boot.php(67): CodeIgniter\Boot::runCodeIgniter(Object(CodeIgniter\CodeIgniter))
11 FCPATH\index.php(56): CodeIgniter\Boot::bootWeb(Object(Config\Paths))
CRITICAL - 2024-04-25 13:08:45 --> ErrorException: Attempt to read property "nama_pengantinpria" on array
[Method: GET, Route: /]
in APPPATH\Views\v_home.php on line 142.
 1 APPPATH\Views\v_home.php(142): CodeIgniter\Debug\Exceptions->errorHandler(2, 'Attempt to read property "nama_pengantinpria" on array', 'C:\\XAMPP\\htdocs\\ci-wedding\\app\\Views\\v_home.php', 142)
 2 SYSTEMPATH\View\View.php(234): include('C:\\XAMPP\\htdocs\\ci-wedding\\app\\Views\\v_home.php')
 3 SYSTEMPATH\View\View.php(237): CodeIgniter\View\View->CodeIgniter\View\{closure}()
 4 SYSTEMPATH\Common.php(1171): CodeIgniter\View\View->render('v_home', [], true)
 5 APPPATH\Controllers\Home.php(17): view('v_home', [...])
 6 SYSTEMPATH\CodeIgniter.php(933): App\Controllers\Home->index()
 7 SYSTEMPATH\CodeIgniter.php(509): CodeIgniter\CodeIgniter->runController(Object(App\Controllers\Home))
 8 SYSTEMPATH\CodeIgniter.php(355): CodeIgniter\CodeIgniter->handleRequest(null, Object(Config\Cache), false)
 9 SYSTEMPATH\Boot.php(312): CodeIgniter\CodeIgniter->run()
10 SYSTEMPATH\Boot.php(67): CodeIgniter\Boot::runCodeIgniter(Object(CodeIgniter\CodeIgniter))
11 FCPATH\index.php(56): CodeIgniter\Boot::bootWeb(Object(Config\Paths))
CRITICAL - 2024-04-25 13:11:17 --> ErrorException: Undefined variable $pengantin
[Method: GET, Route: /]
in APPPATH\Views\v_home.php on line 142.
 1 APPPATH\Views\v_home.php(142): CodeIgniter\Debug\Exceptions->errorHandler(2, 'Undefined variable $pengantin', 'C:\\XAMPP\\htdocs\\ci-wedding\\app\\Views\\v_home.php', 142)
 2 SYSTEMPATH\View\View.php(234): include('C:\\XAMPP\\htdocs\\ci-wedding\\app\\Views\\v_home.php')
 3 SYSTEMPATH\View\View.php(237): CodeIgniter\View\View->CodeIgniter\View\{closure}()
 4 SYSTEMPATH\Common.php(1171): CodeIgniter\View\View->render('v_home', [], true)
 5 APPPATH\Controllers\Home.php(13): view('v_home', [...])
 6 SYSTEMPATH\CodeIgniter.php(933): App\Controllers\Home->index()
 7 SYSTEMPATH\CodeIgniter.php(509): CodeIgniter\CodeIgniter->runController(Object(App\Controllers\Home))
 8 SYSTEMPATH\CodeIgniter.php(355): CodeIgniter\CodeIgniter->handleRequest(null, Object(Config\Cache), false)
 9 SYSTEMPATH\Boot.php(312): CodeIgniter\CodeIgniter->run()
10 SYSTEMPATH\Boot.php(67): CodeIgniter\Boot::runCodeIgniter(Object(CodeIgniter\CodeIgniter))
11 FCPATH\index.php(56): CodeIgniter\Boot::bootWeb(Object(Config\Paths))
CRITICAL - 2024-04-25 13:12:05 --> ErrorException: Attempt to read property "nama_pengantinpria" on array
[Method: GET, Route: /]
in APPPATH\Views\v_home.php on line 142.
 1 APPPATH\Views\v_home.php(142): CodeIgniter\Debug\Exceptions->errorHandler(2, 'Attempt to read property "nama_pengantinpria" on array', 'C:\\XAMPP\\htdocs\\ci-wedding\\app\\Views\\v_home.php', 142)
 2 SYSTEMPATH\View\View.php(234): include('C:\\XAMPP\\htdocs\\ci-wedding\\app\\Views\\v_home.php')
 3 SYSTEMPATH\View\View.php(237): CodeIgniter\View\View->CodeIgniter\View\{closure}()
 4 SYSTEMPATH\Common.php(1171): CodeIgniter\View\View->render('v_home', [], true)
 5 APPPATH\Controllers\Home.php(14): view('v_home', [...])
 6 SYSTEMPATH\CodeIgniter.php(933): App\Controllers\Home->index()
 7 SYSTEMPATH\CodeIgniter.php(509): CodeIgniter\CodeIgniter->runController(Object(App\Controllers\Home))
 8 SYSTEMPATH\CodeIgniter.php(355): CodeIgniter\CodeIgniter->handleRequest(null, Object(Config\Cache), false)
 9 SYSTEMPATH\Boot.php(312): CodeIgniter\CodeIgniter->run()
10 SYSTEMPATH\Boot.php(67): CodeIgniter\Boot::runCodeIgniter(Object(CodeIgniter\CodeIgniter))
11 FCPATH\index.php(56): CodeIgniter\Boot::bootWeb(Object(Config\Paths))
CRITICAL - 2024-04-25 14:11:16 --> ErrorException: Undefined variable $family
[Method: GET, Route: /]
in APPPATH\Views\v_home.php on line 456.
 1 APPPATH\Views\v_home.php(456): CodeIgniter\Debug\Exceptions->errorHandler(2, 'Undefined variable $family', 'C:\\XAMPP\\htdocs\\ci-wedding\\app\\Views\\v_home.php', 456)
 2 SYSTEMPATH\View\View.php(234): include('C:\\XAMPP\\htdocs\\ci-wedding\\app\\Views\\v_home.php')
 3 SYSTEMPATH\View\View.php(237): CodeIgniter\View\View->CodeIgniter\View\{closure}()
 4 SYSTEMPATH\Common.php(1171): CodeIgniter\View\View->render('v_home', [], true)
 5 APPPATH\Controllers\Home.php(20): view('v_home', [...])
 6 SYSTEMPATH\CodeIgniter.php(933): App\Controllers\Home->index()
 7 SYSTEMPATH\CodeIgniter.php(509): CodeIgniter\CodeIgniter->runController(Object(App\Controllers\Home))
 8 SYSTEMPATH\CodeIgniter.php(355): CodeIgniter\CodeIgniter->handleRequest(null, Object(Config\Cache), false)
 9 SYSTEMPATH\Boot.php(312): CodeIgniter\CodeIgniter->run()
10 SYSTEMPATH\Boot.php(67): CodeIgniter\Boot::runCodeIgniter(Object(CodeIgniter\CodeIgniter))
11 FCPATH\index.php(56): CodeIgniter\Boot::bootWeb(Object(Config\Paths))
CRITICAL - 2024-04-25 14:13:16 --> ErrorException: Attempt to read property "nama_family" on array
[Method: GET, Route: /]
in APPPATH\Views\v_home.php on line 459.
 1 APPPATH\Views\v_home.php(459): CodeIgniter\Debug\Exceptions->errorHandler(2, 'Attempt to read property "nama_family" on array', 'C:\\XAMPP\\htdocs\\ci-wedding\\app\\Views\\v_home.php', 459)
 2 SYSTEMPATH\View\View.php(234): include('C:\\XAMPP\\htdocs\\ci-wedding\\app\\Views\\v_home.php')
 3 SYSTEMPATH\View\View.php(237): CodeIgniter\View\View->CodeIgniter\View\{closure}()
 4 SYSTEMPATH\Common.php(1171): CodeIgniter\View\View->render('v_home', [], true)
 5 APPPATH\Controllers\Home.php(23): view('v_home', [...])
 6 SYSTEMPATH\CodeIgniter.php(933): App\Controllers\Home->index()
 7 SYSTEMPATH\CodeIgniter.php(509): CodeIgniter\CodeIgniter->runController(Object(App\Controllers\Home))
 8 SYSTEMPATH\CodeIgniter.php(355): CodeIgniter\CodeIgniter->handleRequest(null, Object(Config\Cache), false)
 9 SYSTEMPATH\Boot.php(312): CodeIgniter\CodeIgniter->run()
10 SYSTEMPATH\Boot.php(67): CodeIgniter\Boot::runCodeIgniter(Object(CodeIgniter\CodeIgniter))
11 FCPATH\index.php(56): CodeIgniter\Boot::bootWeb(Object(Config\Paths))
CRITICAL - 2024-04-25 14:34:10 --> CodeIgniter\Database\Exceptions\DataException: Allowed fields must be specified for model: "App\Models\T_Ucapan"
[Method: POST, Route: home/submit]
in SYSTEMPATH\Model.php on line 813.
 1 SYSTEMPATH\Model.php(813): CodeIgniter\Database\Exceptions\DataException::forInvalidAllowedFields('App\\Models\\T_Ucapan')
 2 SYSTEMPATH\BaseModel.php(821): CodeIgniter\Model->doProtectFieldsForInsert([...])
 3 SYSTEMPATH\Model.php(791): CodeIgniter\BaseModel->insert([...], true)
 4 APPPATH\Controllers\Home.php(42): CodeIgniter\Model->insert([...])
 5 SYSTEMPATH\CodeIgniter.php(933): App\Controllers\Home->submit()
 6 SYSTEMPATH\CodeIgniter.php(509): CodeIgniter\CodeIgniter->runController(Object(App\Controllers\Home))
 7 SYSTEMPATH\CodeIgniter.php(355): CodeIgniter\CodeIgniter->handleRequest(null, Object(Config\Cache), false)
 8 SYSTEMPATH\Boot.php(312): CodeIgniter\CodeIgniter->run()
 9 SYSTEMPATH\Boot.php(67): CodeIgniter\Boot::runCodeIgniter(Object(CodeIgniter\CodeIgniter))
10 FCPATH\index.php(56): CodeIgniter\Boot::bootWeb(Object(Config\Paths))
ERROR - 2024-04-25 14:36:38 --> mysqli_sql_exception: Column 'nama_visitor' cannot be null in C:\XAMPP\htdocs\ci-wedding\vendor\codeigniter4\framework\system\Database\MySQLi\Connection.php:308
Stack trace:
#0 C:\XAMPP\htdocs\ci-wedding\vendor\codeigniter4\framework\system\Database\MySQLi\Connection.php(308): mysqli->query('INSERT INTO `t_...', 0)
#1 C:\XAMPP\htdocs\ci-wedding\vendor\codeigniter4\framework\system\Database\BaseConnection.php(722): CodeIgniter\Database\MySQLi\Connection->execute('INSERT INTO `t_...')
#2 C:\XAMPP\htdocs\ci-wedding\vendor\codeigniter4\framework\system\Database\BaseConnection.php(636): CodeIgniter\Database\BaseConnection->simpleQuery('INSERT INTO `t_...')
#3 C:\XAMPP\htdocs\ci-wedding\vendor\codeigniter4\framework\system\Database\BaseBuilder.php(2325): CodeIgniter\Database\BaseConnection->query('INSERT INTO `t_...', Array, false)
#4 C:\XAMPP\htdocs\ci-wedding\vendor\codeigniter4\framework\system\Model.php(383): CodeIgniter\Database\BaseBuilder->insert()
#5 C:\XAMPP\htdocs\ci-wedding\vendor\codeigniter4\framework\system\BaseModel.php(840): CodeIgniter\Model->doInsert(Array)
#6 C:\XAMPP\htdocs\ci-wedding\vendor\codeigniter4\framework\system\Model.php(791): CodeIgniter\BaseModel->insert(Array, true)
#7 C:\XAMPP\htdocs\ci-wedding\app\Controllers\Home.php(42): CodeIgniter\Model->insert(Array)
#8 C:\XAMPP\htdocs\ci-wedding\vendor\codeigniter4\framework\system\CodeIgniter.php(933): App\Controllers\Home->submit()
#9 C:\XAMPP\htdocs\ci-wedding\vendor\codeigniter4\framework\system\CodeIgniter.php(509): CodeIgniter\CodeIgniter->runController(Object(App\Controllers\Home))
#10 C:\XAMPP\htdocs\ci-wedding\vendor\codeigniter4\framework\system\CodeIgniter.php(355): CodeIgniter\CodeIgniter->handleRequest(NULL, Object(Config\Cache), false)
#11 C:\XAMPP\htdocs\ci-wedding\vendor\codeigniter4\framework\system\Boot.php(312): CodeIgniter\CodeIgniter->run()
#12 C:\XAMPP\htdocs\ci-wedding\vendor\codeigniter4\framework\system\Boot.php(67): CodeIgniter\Boot::runCodeIgniter(Object(CodeIgniter\CodeIgniter))
#13 C:\XAMPP\htdocs\ci-wedding\public\index.php(56): CodeIgniter\Boot::bootWeb(Object(Config\Paths))
#14 {main}
CRITICAL - 2024-04-25 14:36:38 --> CodeIgniter\Database\Exceptions\DatabaseException: Column 'nama_visitor' cannot be null
[Method: POST, Route: home/submit]
in SYSTEMPATH\Database\BaseConnection.php on line 676.
 1 SYSTEMPATH\Database\BaseBuilder.php(2325): CodeIgniter\Database\BaseConnection->query('INSERT INTO `t_ucapankehadiran` (`nama_visitor`, `email_visitor`, `banyak_tamu`, `status_visitor`, `ucapan_visitor`) VALUES (:nama_visitor:, :email_visitor:, :banyak_tamu:, :status_visitor:, :ucapan_visitor:)', [...], false)
 2 SYSTEMPATH\Model.php(383): CodeIgniter\Database\BaseBuilder->insert()
 3 SYSTEMPATH\BaseModel.php(840): CodeIgniter\Model->doInsert([...])
 4 SYSTEMPATH\Model.php(791): CodeIgniter\BaseModel->insert([...], true)
 5 APPPATH\Controllers\Home.php(42): CodeIgniter\Model->insert([...])
 6 SYSTEMPATH\CodeIgniter.php(933): App\Controllers\Home->submit()
 7 SYSTEMPATH\CodeIgniter.php(509): CodeIgniter\CodeIgniter->runController(Object(App\Controllers\Home))
 8 SYSTEMPATH\CodeIgniter.php(355): CodeIgniter\CodeIgniter->handleRequest(null, Object(Config\Cache), false)
 9 SYSTEMPATH\Boot.php(312): CodeIgniter\CodeIgniter->run()
10 SYSTEMPATH\Boot.php(67): CodeIgniter\Boot::runCodeIgniter(Object(CodeIgniter\CodeIgniter))
11 FCPATH\index.php(56): CodeIgniter\Boot::bootWeb(Object(Config\Paths))
CRITICAL - 2024-04-25 14:36:38 --> [Caused by] CodeIgniter\Database\Exceptions\DatabaseException: Column 'nama_visitor' cannot be null
in SYSTEMPATH\Database\MySQLi\Connection.php on line 313.
 1 SYSTEMPATH\Database\BaseConnection.php(722): CodeIgniter\Database\MySQLi\Connection->execute('INSERT INTO `t_ucapankehadiran` (`nama_visitor`, `email_visitor`, `banyak_tamu`, `status_visitor`, `ucapan_visitor`) VALUES (NULL, NULL, \'3\', \'Tentative / Maybe Attend\', \'ok\')')
 2 SYSTEMPATH\Database\BaseConnection.php(636): CodeIgniter\Database\BaseConnection->simpleQuery('INSERT INTO `t_ucapankehadiran` (`nama_visitor`, `email_visitor`, `banyak_tamu`, `status_visitor`, `ucapan_visitor`) VALUES (NULL, NULL, \'3\', \'Tentative / Maybe Attend\', \'ok\')')
 3 SYSTEMPATH\Database\BaseBuilder.php(2325): CodeIgniter\Database\BaseConnection->query('INSERT INTO `t_ucapankehadiran` (`nama_visitor`, `email_visitor`, `banyak_tamu`, `status_visitor`, `ucapan_visitor`) VALUES (:nama_visitor:, :email_visitor:, :banyak_tamu:, :status_visitor:, :ucapan_visitor:)', [...], false)
 4 SYSTEMPATH\Model.php(383): CodeIgniter\Database\BaseBuilder->insert()
 5 SYSTEMPATH\BaseModel.php(840): CodeIgniter\Model->doInsert([...])
 6 SYSTEMPATH\Model.php(791): CodeIgniter\BaseModel->insert([...], true)
 7 APPPATH\Controllers\Home.php(42): CodeIgniter\Model->insert([...])
 8 SYSTEMPATH\CodeIgniter.php(933): App\Controllers\Home->submit()
 9 SYSTEMPATH\CodeIgniter.php(509): CodeIgniter\CodeIgniter->runController(Object(App\Controllers\Home))
10 SYSTEMPATH\CodeIgniter.php(355): CodeIgniter\CodeIgniter->handleRequest(null, Object(Config\Cache), false)
11 SYSTEMPATH\Boot.php(312): CodeIgniter\CodeIgniter->run()
12 SYSTEMPATH\Boot.php(67): CodeIgniter\Boot::runCodeIgniter(Object(CodeIgniter\CodeIgniter))
13 FCPATH\index.php(56): CodeIgniter\Boot::bootWeb(Object(Config\Paths))
CRITICAL - 2024-04-25 14:36:38 --> [Caused by] mysqli_sql_exception: Column 'nama_visitor' cannot be null
in SYSTEMPATH\Database\MySQLi\Connection.php on line 308.
 1 SYSTEMPATH\Database\MySQLi\Connection.php(308): mysqli->query('INSERT INTO `t_ucapankehadiran` (`nama_visitor`, `email_visitor`, `banyak_tamu`, `status_visitor`, `ucapan_visitor`) VALUES (NULL, NULL, \'3\', \'Tentative / Maybe Attend\', \'ok\')', 0)
 2 SYSTEMPATH\Database\BaseConnection.php(722): CodeIgniter\Database\MySQLi\Connection->execute('INSERT INTO `t_ucapankehadiran` (`nama_visitor`, `email_visitor`, `banyak_tamu`, `status_visitor`, `ucapan_visitor`) VALUES (NULL, NULL, \'3\', \'Tentative / Maybe Attend\', \'ok\')')
 3 SYSTEMPATH\Database\BaseConnection.php(636): CodeIgniter\Database\BaseConnection->simpleQuery('INSERT INTO `t_ucapankehadiran` (`nama_visitor`, `email_visitor`, `banyak_tamu`, `status_visitor`, `ucapan_visitor`) VALUES (NULL, NULL, \'3\', \'Tentative / Maybe Attend\', \'ok\')')
 4 SYSTEMPATH\Database\BaseBuilder.php(2325): CodeIgniter\Database\BaseConnection->query('INSERT INTO `t_ucapankehadiran` (`nama_visitor`, `email_visitor`, `banyak_tamu`, `status_visitor`, `ucapan_visitor`) VALUES (:nama_visitor:, :email_visitor:, :banyak_tamu:, :status_visitor:, :ucapan_visitor:)', [...], false)
 5 SYSTEMPATH\Model.php(383): CodeIgniter\Database\BaseBuilder->insert()
 6 SYSTEMPATH\BaseModel.php(840): CodeIgniter\Model->doInsert([...])
 7 SYSTEMPATH\Model.php(791): CodeIgniter\BaseModel->insert([...], true)
 8 APPPATH\Controllers\Home.php(42): CodeIgniter\Model->insert([...])
 9 SYSTEMPATH\CodeIgniter.php(933): App\Controllers\Home->submit()
10 SYSTEMPATH\CodeIgniter.php(509): CodeIgniter\CodeIgniter->runController(Object(App\Controllers\Home))
11 SYSTEMPATH\CodeIgniter.php(355): CodeIgniter\CodeIgniter->handleRequest(null, Object(Config\Cache), false)
12 SYSTEMPATH\Boot.php(312): CodeIgniter\CodeIgniter->run()
13 SYSTEMPATH\Boot.php(67): CodeIgniter\Boot::runCodeIgniter(Object(CodeIgniter\CodeIgniter))
14 FCPATH\index.php(56): CodeIgniter\Boot::bootWeb(Object(Config\Paths))
ERROR - 2024-04-25 14:37:46 --> mysqli_sql_exception: Column 'nama_visitor' cannot be null in C:\XAMPP\htdocs\ci-wedding\vendor\codeigniter4\framework\system\Database\MySQLi\Connection.php:308
Stack trace:
#0 C:\XAMPP\htdocs\ci-wedding\vendor\codeigniter4\framework\system\Database\MySQLi\Connection.php(308): mysqli->query('INSERT INTO `t_...', 0)
#1 C:\XAMPP\htdocs\ci-wedding\vendor\codeigniter4\framework\system\Database\BaseConnection.php(722): CodeIgniter\Database\MySQLi\Connection->execute('INSERT INTO `t_...')
#2 C:\XAMPP\htdocs\ci-wedding\vendor\codeigniter4\framework\system\Database\BaseConnection.php(636): CodeIgniter\Database\BaseConnection->simpleQuery('INSERT INTO `t_...')
#3 C:\XAMPP\htdocs\ci-wedding\vendor\codeigniter4\framework\system\Database\BaseBuilder.php(2325): CodeIgniter\Database\BaseConnection->query('INSERT INTO `t_...', Array, false)
#4 C:\XAMPP\htdocs\ci-wedding\vendor\codeigniter4\framework\system\Model.php(383): CodeIgniter\Database\BaseBuilder->insert()
#5 C:\XAMPP\htdocs\ci-wedding\vendor\codeigniter4\framework\system\BaseModel.php(840): CodeIgniter\Model->doInsert(Array)
#6 C:\XAMPP\htdocs\ci-wedding\vendor\codeigniter4\framework\system\Model.php(791): CodeIgniter\BaseModel->insert(Array, true)
#7 C:\XAMPP\htdocs\ci-wedding\app\Controllers\Home.php(42): CodeIgniter\Model->insert(Array)
#8 C:\XAMPP\htdocs\ci-wedding\vendor\codeigniter4\framework\system\CodeIgniter.php(933): App\Controllers\Home->submit()
#9 C:\XAMPP\htdocs\ci-wedding\vendor\codeigniter4\framework\system\CodeIgniter.php(509): CodeIgniter\CodeIgniter->runController(Object(App\Controllers\Home))
#10 C:\XAMPP\htdocs\ci-wedding\vendor\codeigniter4\framework\system\CodeIgniter.php(355): CodeIgniter\CodeIgniter->handleRequest(NULL, Object(Config\Cache), false)
#11 C:\XAMPP\htdocs\ci-wedding\vendor\codeigniter4\framework\system\Boot.php(312): CodeIgniter\CodeIgniter->run()
#12 C:\XAMPP\htdocs\ci-wedding\vendor\codeigniter4\framework\system\Boot.php(67): CodeIgniter\Boot::runCodeIgniter(Object(CodeIgniter\CodeIgniter))
#13 C:\XAMPP\htdocs\ci-wedding\public\index.php(56): CodeIgniter\Boot::bootWeb(Object(Config\Paths))
#14 {main}
CRITICAL - 2024-04-25 14:37:46 --> CodeIgniter\Database\Exceptions\DatabaseException: Column 'nama_visitor' cannot be null
[Method: POST, Route: home/submit]
in SYSTEMPATH\Database\BaseConnection.php on line 676.
 1 SYSTEMPATH\Database\BaseBuilder.php(2325): CodeIgniter\Database\BaseConnection->query('INSERT INTO `t_ucapankehadiran` (`nama_visitor`, `email_visitor`, `banyak_tamu`, `status_visitor`, `ucapan_visitor`) VALUES (:nama_visitor:, :email_visitor:, :banyak_tamu:, :status_visitor:, :ucapan_visitor:)', [...], false)
 2 SYSTEMPATH\Model.php(383): CodeIgniter\Database\BaseBuilder->insert()
 3 SYSTEMPATH\BaseModel.php(840): CodeIgniter\Model->doInsert([...])
 4 SYSTEMPATH\Model.php(791): CodeIgniter\BaseModel->insert([...], true)
 5 APPPATH\Controllers\Home.php(42): CodeIgniter\Model->insert([...])
 6 SYSTEMPATH\CodeIgniter.php(933): App\Controllers\Home->submit()
 7 SYSTEMPATH\CodeIgniter.php(509): CodeIgniter\CodeIgniter->runController(Object(App\Controllers\Home))
 8 SYSTEMPATH\CodeIgniter.php(355): CodeIgniter\CodeIgniter->handleRequest(null, Object(Config\Cache), false)
 9 SYSTEMPATH\Boot.php(312): CodeIgniter\CodeIgniter->run()
10 SYSTEMPATH\Boot.php(67): CodeIgniter\Boot::runCodeIgniter(Object(CodeIgniter\CodeIgniter))
11 FCPATH\index.php(56): CodeIgniter\Boot::bootWeb(Object(Config\Paths))
CRITICAL - 2024-04-25 14:37:46 --> [Caused by] CodeIgniter\Database\Exceptions\DatabaseException: Column 'nama_visitor' cannot be null
in SYSTEMPATH\Database\MySQLi\Connection.php on line 313.
 1 SYSTEMPATH\Database\BaseConnection.php(722): CodeIgniter\Database\MySQLi\Connection->execute('INSERT INTO `t_ucapankehadiran` (`nama_visitor`, `email_visitor`, `banyak_tamu`, `status_visitor`, `ucapan_visitor`) VALUES (NULL, NULL, \'3\', \'Tentative / Maybe Attend\', \'ok\')')
 2 SYSTEMPATH\Database\BaseConnection.php(636): CodeIgniter\Database\BaseConnection->simpleQuery('INSERT INTO `t_ucapankehadiran` (`nama_visitor`, `email_visitor`, `banyak_tamu`, `status_visitor`, `ucapan_visitor`) VALUES (NULL, NULL, \'3\', \'Tentative / Maybe Attend\', \'ok\')')
 3 SYSTEMPATH\Database\BaseBuilder.php(2325): CodeIgniter\Database\BaseConnection->query('INSERT INTO `t_ucapankehadiran` (`nama_visitor`, `email_visitor`, `banyak_tamu`, `status_visitor`, `ucapan_visitor`) VALUES (:nama_visitor:, :email_visitor:, :banyak_tamu:, :status_visitor:, :ucapan_visitor:)', [...], false)
 4 SYSTEMPATH\Model.php(383): CodeIgniter\Database\BaseBuilder->insert()
 5 SYSTEMPATH\BaseModel.php(840): CodeIgniter\Model->doInsert([...])
 6 SYSTEMPATH\Model.php(791): CodeIgniter\BaseModel->insert([...], true)
 7 APPPATH\Controllers\Home.php(42): CodeIgniter\Model->insert([...])
 8 SYSTEMPATH\CodeIgniter.php(933): App\Controllers\Home->submit()
 9 SYSTEMPATH\CodeIgniter.php(509): CodeIgniter\CodeIgniter->runController(Object(App\Controllers\Home))
10 SYSTEMPATH\CodeIgniter.php(355): CodeIgniter\CodeIgniter->handleRequest(null, Object(Config\Cache), false)
11 SYSTEMPATH\Boot.php(312): CodeIgniter\CodeIgniter->run()
12 SYSTEMPATH\Boot.php(67): CodeIgniter\Boot::runCodeIgniter(Object(CodeIgniter\CodeIgniter))
13 FCPATH\index.php(56): CodeIgniter\Boot::bootWeb(Object(Config\Paths))
CRITICAL - 2024-04-25 14:37:46 --> [Caused by] mysqli_sql_exception: Column 'nama_visitor' cannot be null
in SYSTEMPATH\Database\MySQLi\Connection.php on line 308.
 1 SYSTEMPATH\Database\MySQLi\Connection.php(308): mysqli->query('INSERT INTO `t_ucapankehadiran` (`nama_visitor`, `email_visitor`, `banyak_tamu`, `status_visitor`, `ucapan_visitor`) VALUES (NULL, NULL, \'3\', \'Tentative / Maybe Attend\', \'ok\')', 0)
 2 SYSTEMPATH\Database\BaseConnection.php(722): CodeIgniter\Database\MySQLi\Connection->execute('INSERT INTO `t_ucapankehadiran` (`nama_visitor`, `email_visitor`, `banyak_tamu`, `status_visitor`, `ucapan_visitor`) VALUES (NULL, NULL, \'3\', \'Tentative / Maybe Attend\', \'ok\')')
 3 SYSTEMPATH\Database\BaseConnection.php(636): CodeIgniter\Database\BaseConnection->simpleQuery('INSERT INTO `t_ucapankehadiran` (`nama_visitor`, `email_visitor`, `banyak_tamu`, `status_visitor`, `ucapan_visitor`) VALUES (NULL, NULL, \'3\', \'Tentative / Maybe Attend\', \'ok\')')
 4 SYSTEMPATH\Database\BaseBuilder.php(2325): CodeIgniter\Database\BaseConnection->query('INSERT INTO `t_ucapankehadiran` (`nama_visitor`, `email_visitor`, `banyak_tamu`, `status_visitor`, `ucapan_visitor`) VALUES (:nama_visitor:, :email_visitor:, :banyak_tamu:, :status_visitor:, :ucapan_visitor:)', [...], false)
 5 SYSTEMPATH\Model.php(383): CodeIgniter\Database\BaseBuilder->insert()
 6 SYSTEMPATH\BaseModel.php(840): CodeIgniter\Model->doInsert([...])
 7 SYSTEMPATH\Model.php(791): CodeIgniter\BaseModel->insert([...], true)
 8 APPPATH\Controllers\Home.php(42): CodeIgniter\Model->insert([...])
 9 SYSTEMPATH\CodeIgniter.php(933): App\Controllers\Home->submit()
10 SYSTEMPATH\CodeIgniter.php(509): CodeIgniter\CodeIgniter->runController(Object(App\Controllers\Home))
11 SYSTEMPATH\CodeIgniter.php(355): CodeIgniter\CodeIgniter->handleRequest(null, Object(Config\Cache), false)
12 SYSTEMPATH\Boot.php(312): CodeIgniter\CodeIgniter->run()
13 SYSTEMPATH\Boot.php(67): CodeIgniter\Boot::runCodeIgniter(Object(CodeIgniter\CodeIgniter))
14 FCPATH\index.php(56): CodeIgniter\Boot::bootWeb(Object(Config\Paths))
ERROR - 2024-04-25 14:37:51 --> mysqli_sql_exception: Column 'nama_visitor' cannot be null in C:\XAMPP\htdocs\ci-wedding\vendor\codeigniter4\framework\system\Database\MySQLi\Connection.php:308
Stack trace:
#0 C:\XAMPP\htdocs\ci-wedding\vendor\codeigniter4\framework\system\Database\MySQLi\Connection.php(308): mysqli->query('INSERT INTO `t_...', 0)
#1 C:\XAMPP\htdocs\ci-wedding\vendor\codeigniter4\framework\system\Database\BaseConnection.php(722): CodeIgniter\Database\MySQLi\Connection->execute('INSERT INTO `t_...')
#2 C:\XAMPP\htdocs\ci-wedding\vendor\codeigniter4\framework\system\Database\BaseConnection.php(636): CodeIgniter\Database\BaseConnection->simpleQuery('INSERT INTO `t_...')
#3 C:\XAMPP\htdocs\ci-wedding\vendor\codeigniter4\framework\system\Database\BaseBuilder.php(2325): CodeIgniter\Database\BaseConnection->query('INSERT INTO `t_...', Array, false)
#4 C:\XAMPP\htdocs\ci-wedding\vendor\codeigniter4\framework\system\Model.php(383): CodeIgniter\Database\BaseBuilder->insert()
#5 C:\XAMPP\htdocs\ci-wedding\vendor\codeigniter4\framework\system\BaseModel.php(840): CodeIgniter\Model->doInsert(Array)
#6 C:\XAMPP\htdocs\ci-wedding\vendor\codeigniter4\framework\system\Model.php(791): CodeIgniter\BaseModel->insert(Array, true)
#7 C:\XAMPP\htdocs\ci-wedding\app\Controllers\Home.php(42): CodeIgniter\Model->insert(Array)
#8 C:\XAMPP\htdocs\ci-wedding\vendor\codeigniter4\framework\system\CodeIgniter.php(933): App\Controllers\Home->submit()
#9 C:\XAMPP\htdocs\ci-wedding\vendor\codeigniter4\framework\system\CodeIgniter.php(509): CodeIgniter\CodeIgniter->runController(Object(App\Controllers\Home))
#10 C:\XAMPP\htdocs\ci-wedding\vendor\codeigniter4\framework\system\CodeIgniter.php(355): CodeIgniter\CodeIgniter->handleRequest(NULL, Object(Config\Cache), false)
#11 C:\XAMPP\htdocs\ci-wedding\vendor\codeigniter4\framework\system\Boot.php(312): CodeIgniter\CodeIgniter->run()
#12 C:\XAMPP\htdocs\ci-wedding\vendor\codeigniter4\framework\system\Boot.php(67): CodeIgniter\Boot::runCodeIgniter(Object(CodeIgniter\CodeIgniter))
#13 C:\XAMPP\htdocs\ci-wedding\public\index.php(56): CodeIgniter\Boot::bootWeb(Object(Config\Paths))
#14 {main}
CRITICAL - 2024-04-25 14:37:51 --> CodeIgniter\Database\Exceptions\DatabaseException: Column 'nama_visitor' cannot be null
[Method: POST, Route: home/submit]
in SYSTEMPATH\Database\BaseConnection.php on line 676.
 1 SYSTEMPATH\Database\BaseBuilder.php(2325): CodeIgniter\Database\BaseConnection->query('INSERT INTO `t_ucapankehadiran` (`nama_visitor`, `email_visitor`, `banyak_tamu`, `status_visitor`, `ucapan_visitor`) VALUES (:nama_visitor:, :email_visitor:, :banyak_tamu:, :status_visitor:, :ucapan_visitor:)', [...], false)
 2 SYSTEMPATH\Model.php(383): CodeIgniter\Database\BaseBuilder->insert()
 3 SYSTEMPATH\BaseModel.php(840): CodeIgniter\Model->doInsert([...])
 4 SYSTEMPATH\Model.php(791): CodeIgniter\BaseModel->insert([...], true)
 5 APPPATH\Controllers\Home.php(42): CodeIgniter\Model->insert([...])
 6 SYSTEMPATH\CodeIgniter.php(933): App\Controllers\Home->submit()
 7 SYSTEMPATH\CodeIgniter.php(509): CodeIgniter\CodeIgniter->runController(Object(App\Controllers\Home))
 8 SYSTEMPATH\CodeIgniter.php(355): CodeIgniter\CodeIgniter->handleRequest(null, Object(Config\Cache), false)
 9 SYSTEMPATH\Boot.php(312): CodeIgniter\CodeIgniter->run()
10 SYSTEMPATH\Boot.php(67): CodeIgniter\Boot::runCodeIgniter(Object(CodeIgniter\CodeIgniter))
11 FCPATH\index.php(56): CodeIgniter\Boot::bootWeb(Object(Config\Paths))
CRITICAL - 2024-04-25 14:37:51 --> [Caused by] CodeIgniter\Database\Exceptions\DatabaseException: Column 'nama_visitor' cannot be null
in SYSTEMPATH\Database\MySQLi\Connection.php on line 313.
 1 SYSTEMPATH\Database\BaseConnection.php(722): CodeIgniter\Database\MySQLi\Connection->execute('INSERT INTO `t_ucapankehadiran` (`nama_visitor`, `email_visitor`, `banyak_tamu`, `status_visitor`, `ucapan_visitor`) VALUES (NULL, NULL, \'3\', \'Tentative / Maybe Attend\', \'ok\')')
 2 SYSTEMPATH\Database\BaseConnection.php(636): CodeIgniter\Database\BaseConnection->simpleQuery('INSERT INTO `t_ucapankehadiran` (`nama_visitor`, `email_visitor`, `banyak_tamu`, `status_visitor`, `ucapan_visitor`) VALUES (NULL, NULL, \'3\', \'Tentative / Maybe Attend\', \'ok\')')
 3 SYSTEMPATH\Database\BaseBuilder.php(2325): CodeIgniter\Database\BaseConnection->query('INSERT INTO `t_ucapankehadiran` (`nama_visitor`, `email_visitor`, `banyak_tamu`, `status_visitor`, `ucapan_visitor`) VALUES (:nama_visitor:, :email_visitor:, :banyak_tamu:, :status_visitor:, :ucapan_visitor:)', [...], false)
 4 SYSTEMPATH\Model.php(383): CodeIgniter\Database\BaseBuilder->insert()
 5 SYSTEMPATH\BaseModel.php(840): CodeIgniter\Model->doInsert([...])
 6 SYSTEMPATH\Model.php(791): CodeIgniter\BaseModel->insert([...], true)
 7 APPPATH\Controllers\Home.php(42): CodeIgniter\Model->insert([...])
 8 SYSTEMPATH\CodeIgniter.php(933): App\Controllers\Home->submit()
 9 SYSTEMPATH\CodeIgniter.php(509): CodeIgniter\CodeIgniter->runController(Object(App\Controllers\Home))
10 SYSTEMPATH\CodeIgniter.php(355): CodeIgniter\CodeIgniter->handleRequest(null, Object(Config\Cache), false)
11 SYSTEMPATH\Boot.php(312): CodeIgniter\CodeIgniter->run()
12 SYSTEMPATH\Boot.php(67): CodeIgniter\Boot::runCodeIgniter(Object(CodeIgniter\CodeIgniter))
13 FCPATH\index.php(56): CodeIgniter\Boot::bootWeb(Object(Config\Paths))
CRITICAL - 2024-04-25 14:37:51 --> [Caused by] mysqli_sql_exception: Column 'nama_visitor' cannot be null
in SYSTEMPATH\Database\MySQLi\Connection.php on line 308.
 1 SYSTEMPATH\Database\MySQLi\Connection.php(308): mysqli->query('INSERT INTO `t_ucapankehadiran` (`nama_visitor`, `email_visitor`, `banyak_tamu`, `status_visitor`, `ucapan_visitor`) VALUES (NULL, NULL, \'3\', \'Tentative / Maybe Attend\', \'ok\')', 0)
 2 SYSTEMPATH\Database\BaseConnection.php(722): CodeIgniter\Database\MySQLi\Connection->execute('INSERT INTO `t_ucapankehadiran` (`nama_visitor`, `email_visitor`, `banyak_tamu`, `status_visitor`, `ucapan_visitor`) VALUES (NULL, NULL, \'3\', \'Tentative / Maybe Attend\', \'ok\')')
 3 SYSTEMPATH\Database\BaseConnection.php(636): CodeIgniter\Database\BaseConnection->simpleQuery('INSERT INTO `t_ucapankehadiran` (`nama_visitor`, `email_visitor`, `banyak_tamu`, `status_visitor`, `ucapan_visitor`) VALUES (NULL, NULL, \'3\', \'Tentative / Maybe Attend\', \'ok\')')
 4 SYSTEMPATH\Database\BaseBuilder.php(2325): CodeIgniter\Database\BaseConnection->query('INSERT INTO `t_ucapankehadiran` (`nama_visitor`, `email_visitor`, `banyak_tamu`, `status_visitor`, `ucapan_visitor`) VALUES (:nama_visitor:, :email_visitor:, :banyak_tamu:, :status_visitor:, :ucapan_visitor:)', [...], false)
 5 SYSTEMPATH\Model.php(383): CodeIgniter\Database\BaseBuilder->insert()
 6 SYSTEMPATH\BaseModel.php(840): CodeIgniter\Model->doInsert([...])
 7 SYSTEMPATH\Model.php(791): CodeIgniter\BaseModel->insert([...], true)
 8 APPPATH\Controllers\Home.php(42): CodeIgniter\Model->insert([...])
 9 SYSTEMPATH\CodeIgniter.php(933): App\Controllers\Home->submit()
10 SYSTEMPATH\CodeIgniter.php(509): CodeIgniter\CodeIgniter->runController(Object(App\Controllers\Home))
11 SYSTEMPATH\CodeIgniter.php(355): CodeIgniter\CodeIgniter->handleRequest(null, Object(Config\Cache), false)
12 SYSTEMPATH\Boot.php(312): CodeIgniter\CodeIgniter->run()
13 SYSTEMPATH\Boot.php(67): CodeIgniter\Boot::runCodeIgniter(Object(CodeIgniter\CodeIgniter))
14 FCPATH\index.php(56): CodeIgniter\Boot::bootWeb(Object(Config\Paths))
CRITICAL - 2024-04-25 14:47:16 --> Error: Call to undefined function baser_url()
[Method: GET, Route: /]
in APPPATH\Views\v_home.php on line 108.
 1 SYSTEMPATH\View\View.php(234): include()
 2 SYSTEMPATH\View\View.php(237): CodeIgniter\View\View->CodeIgniter\View\{closure}()
 3 SYSTEMPATH\Common.php(1171): CodeIgniter\View\View->render('v_home', [], true)
 4 APPPATH\Controllers\Home.php(24): view('v_home', [...])
 5 SYSTEMPATH\CodeIgniter.php(933): App\Controllers\Home->index()
 6 SYSTEMPATH\CodeIgniter.php(509): CodeIgniter\CodeIgniter->runController(Object(App\Controllers\Home))
 7 SYSTEMPATH\CodeIgniter.php(355): CodeIgniter\CodeIgniter->handleRequest(null, Object(Config\Cache), false)
 8 SYSTEMPATH\Boot.php(312): CodeIgniter\CodeIgniter->run()
 9 SYSTEMPATH\Boot.php(67): CodeIgniter\Boot::runCodeIgniter(Object(CodeIgniter\CodeIgniter))
10 FCPATH\index.php(56): CodeIgniter\Boot::bootWeb(Object(Config\Paths))
